This file contains any messages produced by compilers while
running configure, to aid debugging if configure makes a mistake.

It was created by openvswitch configure 2.0.0, which was
generated by GNU Autoconf 2.69.  Invocation command line was

  $ ./configure --with-linux=/lib/modules/3.8.0-19-generic/build

## --------- ##
## Platform. ##
## --------- ##

hostname = ubuntu
uname -m = i686
uname -r = 3.8.0-19-generic
uname -s = Linux
uname -v = #29-Ubuntu SMP Wed Apr 17 18:19:42 UTC 2013

/usr/bin/uname -p = unknown
/bin/uname -X     = unknown

/bin/arch              = unknown
/usr/bin/arch -k       = unknown
/usr/convex/getsysinfo = unknown
/usr/bin/hostinfo      = unknown
/bin/machine           = unknown
/usr/bin/oslevel       = unknown
/bin/universe          = unknown

PATH: /usr/local/sbin
PATH: /usr/local/bin
PATH: /usr/sbin
PATH: /usr/bin
PATH: /sbin
PATH: /bin
PATH: /usr/games
PATH: /usr/local/games


## ----------- ##
## Core tests. ##
## ----------- ##

configure:2571: checking for a BSD-compatible install
configure:2639: result: /usr/bin/install -c
configure:2650: checking whether build environment is sane
configure:2700: result: yes
configure:2841: checking for a thread-safe mkdir -p
configure:2880: result: /bin/mkdir -p
configure:2893: checking for gawk
configure:2923: result: no
configure:2893: checking for mawk
configure:2909: found /usr/bin/mawk
configure:2920: result: mawk
configure:2931: checking whether make sets $(MAKE)
configure:2953: result: yes
configure:3082: checking for gcc
configure:3098: found /usr/bin/gcc
configure:3109: result: gcc
configure:3338: checking for C compiler version
configure:3347: gcc --version >&5
gcc (Ubuntu/Linaro 4.7.3-1ubuntu1) 4.7.3
Copyright (C) 2012 Free Software Foundation, Inc.
This is free software; see the source for copying conditions.  There is NO
warranty; not even for MERCHANTABILITY or FITNESS FOR A PARTICULAR PURPOSE.

configure:3358: $? = 0
configure:3347: gcc -v >&5
Using built-in specs.
COLLECT_GCC=gcc
COLLECT_LTO_WRAPPER=/usr/lib/gcc/i686-linux-gnu/4.7/lto-wrapper
Target: i686-linux-gnu
Configured with: ../src/configure -v --with-pkgversion='Ubuntu/Linaro 4.7.3-1ubuntu1' --with-bugurl=file:///usr/share/doc/gcc-4.7/README.Bugs --enable-languages=c,c++,go,fortran,objc,obj-c++ --prefix=/usr --program-suffix=-4.7 --enable-shared --enable-linker-build-id --libexecdir=/usr/lib --without-included-gettext --enable-threads=posix --with-gxx-include-dir=/usr/include/c++/4.7 --libdir=/usr/lib --enable-nls --with-sysroot=/ --enable-clocale=gnu --enable-libstdcxx-debug --enable-libstdcxx-time=yes --enable-gnu-unique-object --enable-plugin --with-system-zlib --enable-objc-gc --enable-targets=all --with-cloog --enable-cloog-backend=ppl --disable-cloog-version-check --disable-ppl-version-check --enable-multiarch --disable-werror --with-arch-32=i686 --with-multilib-list=m32,m64,mx32 --with-tune=generic --enable-checking=release --build=i686-linux-gnu --host=i686-linux-gnu --target=i686-linux-gnu
Thread model: posix
gcc version 4.7.3 (Ubuntu/Linaro 4.7.3-1ubuntu1) 
configure:3358: $? = 0
configure:3347: gcc -V >&5
gcc: error: unrecognized command line option '-V'
gcc: fatal error: no input files
compilation terminated.
configure:3358: $? = 4
configure:3347: gcc -qversion >&5
gcc: error: unrecognized command line option '-qversion'
gcc: fatal error: no input files
compilation terminated.
configure:3358: $? = 4
configure:3378: checking whether the C compiler works
configure:3400: gcc    conftest.c  >&5
configure:3404: $? = 0
configure:3452: result: yes
configure:3455: checking for C compiler default output file name
configure:3457: result: a.out
configure:3463: checking for suffix of executables
configure:3470: gcc -o conftest    conftest.c  >&5
configure:3474: $? = 0
configure:3496: result: 
configure:3518: checking whether we are cross compiling
configure:3526: gcc -o conftest    conftest.c  >&5
configure:3530: $? = 0
configure:3537: ./conftest
configure:3541: $? = 0
configure:3556: result: no
configure:3561: checking for suffix of object files
configure:3583: gcc -c   conftest.c >&5
configure:3587: $? = 0
configure:3608: result: o
configure:3612: checking whether we are using the GNU C compiler
configure:3631: gcc -c   conftest.c >&5
configure:3631: $? = 0
configure:3640: result: yes
configure:3649: checking whether gcc accepts -g
configure:3669: gcc -c -g  conftest.c >&5
configure:3669: $? = 0
configure:3710: result: yes
configure:3727: checking for gcc option to accept ISO C89
configure:3790: gcc  -c -g -O2  conftest.c >&5
configure:3790: $? = 0
configure:3803: result: none needed
configure:3834: checking for style of include used by make
configure:3862: result: GNU
configure:3888: checking dependency style of gcc
configure:3999: result: gcc3
configure:4015: checking whether gcc and cc understand -c and -o together
configure:4046: gcc -c conftest.c -o conftest2.o >&5
configure:4050: $? = 0
configure:4056: gcc -c conftest.c -o conftest2.o >&5
configure:4060: $? = 0
configure:4071: cc -c conftest.c >&5
configure:4075: $? = 0
configure:4083: cc -c conftest.c -o conftest2.o >&5
configure:4087: $? = 0
configure:4093: cc -c conftest.c -o conftest2.o >&5
configure:4097: $? = 0
configure:4115: result: yes
configure:4145: checking how to run the C preprocessor
configure:4176: gcc -E  conftest.c
configure:4176: $? = 0
configure:4190: gcc -E  conftest.c
conftest.c:11:28: fatal error: ac_nonexistent.h: No such file or directory
compilation terminated.
configure:4190: $? = 1
configure: failed program was:
| /* confdefs.h */
| #define PACKAGE_NAME "openvswitch"
| #define PACKAGE_TARNAME "openvswitch"
| #define PACKAGE_VERSION "2.0.0"
| #define PACKAGE_STRING "openvswitch 2.0.0"
| #define PACKAGE_BUGREPORT "ovs-bugs@openvswitch.org"
| #define PACKAGE_URL ""
| #define PACKAGE "openvswitch"
| #define VERSION "2.0.0"
| /* end confdefs.h.  */
| #include <ac_nonexistent.h>
configure:4215: result: gcc -E
configure:4235: gcc -E  conftest.c
configure:4235: $? = 0
configure:4249: gcc -E  conftest.c
conftest.c:11:28: fatal error: ac_nonexistent.h: No such file or directory
compilation terminated.
configure:4249: $? = 1
configure: failed program was:
| /* confdefs.h */
| #define PACKAGE_NAME "openvswitch"
| #define PACKAGE_TARNAME "openvswitch"
| #define PACKAGE_VERSION "2.0.0"
| #define PACKAGE_STRING "openvswitch 2.0.0"
| #define PACKAGE_BUGREPORT "ovs-bugs@openvswitch.org"
| #define PACKAGE_URL ""
| #define PACKAGE "openvswitch"
| #define VERSION "2.0.0"
| /* end confdefs.h.  */
| #include <ac_nonexistent.h>
configure:4320: checking for ranlib
configure:4336: found /usr/bin/ranlib
configure:4347: result: ranlib
configure:4370: checking for grep that handles long lines and -e
configure:4428: result: /bin/grep
configure:4433: checking for fgrep
configure:4495: result: /bin/grep -F
configure:4500: checking for egrep
configure:4562: result: /bin/grep -E
configure:4571: checking for perl
configure:4589: found /usr/bin/perl
configure:4602: result: /usr/bin/perl
configure:4620: checking for ANSI C header files
configure:4640: gcc -c -g -O2  conftest.c >&5
configure:4640: $? = 0
configure:4713: gcc -o conftest -g -O2   conftest.c  >&5
configure:4713: $? = 0
configure:4713: ./conftest
configure:4713: $? = 0
configure:4724: result: yes
configure:4737: checking for sys/types.h
configure:4737: gcc -c -g -O2  conftest.c >&5
configure:4737: $? = 0
configure:4737: result: yes
configure:4737: checking for sys/stat.h
configure:4737: gcc -c -g -O2  conftest.c >&5
configure:4737: $? = 0
configure:4737: result: yes
configure:4737: checking for stdlib.h
configure:4737: gcc -c -g -O2  conftest.c >&5
configure:4737: $? = 0
configure:4737: result: yes
configure:4737: checking for string.h
configure:4737: gcc -c -g -O2  conftest.c >&5
configure:4737: $? = 0
configure:4737: result: yes
configure:4737: checking for memory.h
configure:4737: gcc -c -g -O2  conftest.c >&5
configure:4737: $? = 0
configure:4737: result: yes
configure:4737: checking for strings.h
configure:4737: gcc -c -g -O2  conftest.c >&5
configure:4737: $? = 0
configure:4737: result: yes
configure:4737: checking for inttypes.h
configure:4737: gcc -c -g -O2  conftest.c >&5
configure:4737: $? = 0
configure:4737: result: yes
configure:4737: checking for stdint.h
configure:4737: gcc -c -g -O2  conftest.c >&5
configure:4737: $? = 0
configure:4737: result: yes
configure:4737: checking for unistd.h
configure:4737: gcc -c -g -O2  conftest.c >&5
configure:4737: $? = 0
configure:4737: result: yes
configure:4750: checking minix/config.h usability
configure:4750: gcc -c -g -O2  conftest.c >&5
conftest.c:54:26: fatal error: minix/config.h: No such file or directory
compilation terminated.
configure:4750: $? = 1
configure: failed program was:
| /* confdefs.h */
| #define PACKAGE_NAME "openvswitch"
| #define PACKAGE_TARNAME "openvswitch"
| #define PACKAGE_VERSION "2.0.0"
| #define PACKAGE_STRING "openvswitch 2.0.0"
| #define PACKAGE_BUGREPORT "ovs-bugs@openvswitch.org"
| #define PACKAGE_URL ""
| #define PACKAGE "openvswitch"
| #define VERSION "2.0.0"
| #define STDC_HEADERS 1
| #define HAVE_SYS_TYPES_H 1
| #define HAVE_SYS_STAT_H 1
| #define HAVE_STDLIB_H 1
| #define HAVE_STRING_H 1
| #define HAVE_MEMORY_H 1
| #define HAVE_STRINGS_H 1
| #define HAVE_INTTYPES_H 1
| #define HAVE_STDINT_H 1
| #define HAVE_UNISTD_H 1
| /* end confdefs.h.  */
| #include <stdio.h>
| #ifdef HAVE_SYS_TYPES_H
| # include <sys/types.h>
| #endif
| #ifdef HAVE_SYS_STAT_H
| # include <sys/stat.h>
| #endif
| #ifdef STDC_HEADERS
| # include <stdlib.h>
| # include <stddef.h>
| #else
| # ifdef HAVE_STDLIB_H
| #  include <stdlib.h>
| # endif
| #endif
| #ifdef HAVE_STRING_H
| # if !defined STDC_HEADERS && defined HAVE_MEMORY_H
| #  include <memory.h>
| # endif
| # include <string.h>
| #endif
| #ifdef HAVE_STRINGS_H
| # include <strings.h>
| #endif
| #ifdef HAVE_INTTYPES_H
| # include <inttypes.h>
| #endif
| #ifdef HAVE_STDINT_H
| # include <stdint.h>
| #endif
| #ifdef HAVE_UNISTD_H
| # include <unistd.h>
| #endif
| #include <minix/config.h>
configure:4750: result: no
configure:4750: checking minix/config.h presence
configure:4750: gcc -E  conftest.c
conftest.c:21:26: fatal error: minix/config.h: No such file or directory
compilation terminated.
configure:4750: $? = 1
configure: failed program was:
| /* confdefs.h */
| #define PACKAGE_NAME "openvswitch"
| #define PACKAGE_TARNAME "openvswitch"
| #define PACKAGE_VERSION "2.0.0"
| #define PACKAGE_STRING "openvswitch 2.0.0"
| #define PACKAGE_BUGREPORT "ovs-bugs@openvswitch.org"
| #define PACKAGE_URL ""
| #define PACKAGE "openvswitch"
| #define VERSION "2.0.0"
| #define STDC_HEADERS 1
| #define HAVE_SYS_TYPES_H 1
| #define HAVE_SYS_STAT_H 1
| #define HAVE_STDLIB_H 1
| #define HAVE_STRING_H 1
| #define HAVE_MEMORY_H 1
| #define HAVE_STRINGS_H 1
| #define HAVE_INTTYPES_H 1
| #define HAVE_STDINT_H 1
| #define HAVE_UNISTD_H 1
| /* end confdefs.h.  */
| #include <minix/config.h>
configure:4750: result: no
configure:4750: checking for minix/config.h
configure:4750: result: no
configure:4771: checking whether it is safe to define __EXTENSIONS__
configure:4789: gcc -c -g -O2  conftest.c >&5
configure:4789: $? = 0
configure:4796: result: yes
configure:4810: checking whether byte ordering is bigendian
configure:4825: gcc -c -g -O2  conftest.c >&5
conftest.c:27:9: error: unknown type name 'not'
conftest.c:27:15: error: expected '=', ',', ';', 'asm' or '__attribute__' before 'universal'
conftest.c:27:15: error: unknown type name 'universal'
configure:4825: $? = 1
configure: failed program was:
| /* confdefs.h */
| #define PACKAGE_NAME "openvswitch"
| #define PACKAGE_TARNAME "openvswitch"
| #define PACKAGE_VERSION "2.0.0"
| #define PACKAGE_STRING "openvswitch 2.0.0"
| #define PACKAGE_BUGREPORT "ovs-bugs@openvswitch.org"
| #define PACKAGE_URL ""
| #define PACKAGE "openvswitch"
| #define VERSION "2.0.0"
| #define STDC_HEADERS 1
| #define HAVE_SYS_TYPES_H 1
| #define HAVE_SYS_STAT_H 1
| #define HAVE_STDLIB_H 1
| #define HAVE_STRING_H 1
| #define HAVE_MEMORY_H 1
| #define HAVE_STRINGS_H 1
| #define HAVE_INTTYPES_H 1
| #define HAVE_STDINT_H 1
| #define HAVE_UNISTD_H 1
| #define __EXTENSIONS__ 1
| #define _ALL_SOURCE 1
| #define _GNU_SOURCE 1
| #define _POSIX_PTHREAD_SEMANTICS 1
| #define _TANDEM_SOURCE 1
| /* end confdefs.h.  */
| #ifndef __APPLE_CC__
| 	       not a universal capable compiler
| 	     #endif
| 	     typedef int dummy;
| 
configure:4870: gcc -c -g -O2  conftest.c >&5
configure:4870: $? = 0
configure:4888: gcc -c -g -O2  conftest.c >&5
conftest.c: In function 'main':
conftest.c:33:4: error: unknown type name 'not'
conftest.c:33:12: error: expected '=', ',', ';', 'asm' or '__attribute__' before 'endian'
configure:4888: $? = 1
configure: failed program was:
| /* confdefs.h */
| #define PACKAGE_NAME "openvswitch"
| #define PACKAGE_TARNAME "openvswitch"
| #define PACKAGE_VERSION "2.0.0"
| #define PACKAGE_STRING "openvswitch 2.0.0"
| #define PACKAGE_BUGREPORT "ovs-bugs@openvswitch.org"
| #define PACKAGE_URL ""
| #define PACKAGE "openvswitch"
| #define VERSION "2.0.0"
| #define STDC_HEADERS 1
| #define HAVE_SYS_TYPES_H 1
| #define HAVE_SYS_STAT_H 1
| #define HAVE_STDLIB_H 1
| #define HAVE_STRING_H 1
| #define HAVE_MEMORY_H 1
| #define HAVE_STRINGS_H 1
| #define HAVE_INTTYPES_H 1
| #define HAVE_STDINT_H 1
| #define HAVE_UNISTD_H 1
| #define __EXTENSIONS__ 1
| #define _ALL_SOURCE 1
| #define _GNU_SOURCE 1
| #define _POSIX_PTHREAD_SEMANTICS 1
| #define _TANDEM_SOURCE 1
| /* end confdefs.h.  */
| #include <sys/types.h>
| 		#include <sys/param.h>
| 
| int
| main ()
| {
| #if BYTE_ORDER != BIG_ENDIAN
| 		 not big endian
| 		#endif
| 
|   ;
|   return 0;
| }
configure:5016: result: no
configure:5041: checking for special C compiler options needed for large files
configure:5086: result: no
configure:5092: checking for _FILE_OFFSET_BITS value needed for large files
configure:5117: gcc -c -g -O2  conftest.c >&5
conftest.c:32:3: warning: left shift count >= width of type [enabled by default]
conftest.c:32:3: warning: left shift count >= width of type [enabled by default]
conftest.c:33:10: warning: left shift count >= width of type [enabled by default]
conftest.c:33:10: warning: left shift count >= width of type [enabled by default]
conftest.c:32:7: error: variably modified 'off_t_is_large' at file scope
configure:5117: $? = 1
configure: failed program was:
| /* confdefs.h */
| #define PACKAGE_NAME "openvswitch"
| #define PACKAGE_TARNAME "openvswitch"
| #define PACKAGE_VERSION "2.0.0"
| #define PACKAGE_STRING "openvswitch 2.0.0"
| #define PACKAGE_BUGREPORT "ovs-bugs@openvswitch.org"
| #define PACKAGE_URL ""
| #define PACKAGE "openvswitch"
| #define VERSION "2.0.0"
| #define STDC_HEADERS 1
| #define HAVE_SYS_TYPES_H 1
| #define HAVE_SYS_STAT_H 1
| #define HAVE_STDLIB_H 1
| #define HAVE_STRING_H 1
| #define HAVE_MEMORY_H 1
| #define HAVE_STRINGS_H 1
| #define HAVE_INTTYPES_H 1
| #define HAVE_STDINT_H 1
| #define HAVE_UNISTD_H 1
| #define __EXTENSIONS__ 1
| #define _ALL_SOURCE 1
| #define _GNU_SOURCE 1
| #define _POSIX_PTHREAD_SEMANTICS 1
| #define _TANDEM_SOURCE 1
| /* end confdefs.h.  */
| #include <sys/types.h>
|  /* Check that off_t can represent 2**63 - 1 correctly.
|     We can't simply define LARGE_OFF_T to be 9223372036854775807,
|     since some C++ compilers masquerading as C compilers
|     incorrectly reject 9223372036854775807.  */
| #define LARGE_OFF_T (((off_t) 1 << 62) - 1 + ((off_t) 1 << 62))
|   int off_t_is_large[(LARGE_OFF_T % 2147483629 == 721
| 		       && LARGE_OFF_T % 2147483647 == 1)
| 		      ? 1 : -1];
| int
| main ()
| {
| 
|   ;
|   return 0;
| }
configure:5141: gcc -c -g -O2  conftest.c >&5
configure:5141: $? = 0
configure:5149: result: 64
configure:5235: checking for library containing pow
configure:5266: gcc -o conftest -g -O2   conftest.c  >&5
conftest.c:34:6: warning: conflicting types for built-in function 'pow' [enabled by default]
/tmp/ccjWF73L.o: In function `main':
/home/ovs/cs6480/final_project/installing/openvswitch-2.0.0/conftest.c:38: undefined reference to `pow'
collect2: error: ld returned 1 exit status
configure:5266: $? = 1
configure: failed program was:
| /* confdefs.h */
| #define PACKAGE_NAME "openvswitch"
| #define PACKAGE_TARNAME "openvswitch"
| #define PACKAGE_VERSION "2.0.0"
| #define PACKAGE_STRING "openvswitch 2.0.0"
| #define PACKAGE_BUGREPORT "ovs-bugs@openvswitch.org"
| #define PACKAGE_URL ""
| #define PACKAGE "openvswitch"
| #define VERSION "2.0.0"
| #define STDC_HEADERS 1
| #define HAVE_SYS_TYPES_H 1
| #define HAVE_SYS_STAT_H 1
| #define HAVE_STDLIB_H 1
| #define HAVE_STRING_H 1
| #define HAVE_MEMORY_H 1
| #define HAVE_STRINGS_H 1
| #define HAVE_INTTYPES_H 1
| #define HAVE_STDINT_H 1
| #define HAVE_UNISTD_H 1
| #define __EXTENSIONS__ 1
| #define _ALL_SOURCE 1
| #define _GNU_SOURCE 1
| #define _POSIX_PTHREAD_SEMANTICS 1
| #define _TANDEM_SOURCE 1
| #define _FILE_OFFSET_BITS 64
| /* end confdefs.h.  */
| 
| /* Override any GCC internal prototype to avoid an error.
|    Use char because int might match the return type of a GCC
|    builtin and then its argument prototype would still apply.  */
| #ifdef __cplusplus
| extern "C"
| #endif
| char pow ();
| int
| main ()
| {
| return pow ();
|   ;
|   return 0;
| }
configure:5266: gcc -o conftest -g -O2   conftest.c -lm   >&5
conftest.c:34:6: warning: conflicting types for built-in function 'pow' [enabled by default]
configure:5266: $? = 0
configure:5283: result: -lm
configure:5291: checking for library containing clock_gettime
configure:5322: gcc -o conftest -g -O2   conftest.c -lm  >&5
configure:5322: $? = 0
configure:5339: result: none required
configure:5347: checking for library containing timer_create
configure:5378: gcc -o conftest -g -O2   conftest.c -lm  >&5
/tmp/ccKFEKWW.o: In function `main':
/home/ovs/cs6480/final_project/installing/openvswitch-2.0.0/conftest.c:38: undefined reference to `timer_create'
collect2: error: ld returned 1 exit status
configure:5378: $? = 1
configure: failed program was:
| /* confdefs.h */
| #define PACKAGE_NAME "openvswitch"
| #define PACKAGE_TARNAME "openvswitch"
| #define PACKAGE_VERSION "2.0.0"
| #define PACKAGE_STRING "openvswitch 2.0.0"
| #define PACKAGE_BUGREPORT "ovs-bugs@openvswitch.org"
| #define PACKAGE_URL ""
| #define PACKAGE "openvswitch"
| #define VERSION "2.0.0"
| #define STDC_HEADERS 1
| #define HAVE_SYS_TYPES_H 1
| #define HAVE_SYS_STAT_H 1
| #define HAVE_STDLIB_H 1
| #define HAVE_STRING_H 1
| #define HAVE_MEMORY_H 1
| #define HAVE_STRINGS_H 1
| #define HAVE_INTTYPES_H 1
| #define HAVE_STDINT_H 1
| #define HAVE_UNISTD_H 1
| #define __EXTENSIONS__ 1
| #define _ALL_SOURCE 1
| #define _GNU_SOURCE 1
| #define _POSIX_PTHREAD_SEMANTICS 1
| #define _TANDEM_SOURCE 1
| #define _FILE_OFFSET_BITS 64
| /* end confdefs.h.  */
| 
| /* Override any GCC internal prototype to avoid an error.
|    Use char because int might match the return type of a GCC
|    builtin and then its argument prototype would still apply.  */
| #ifdef __cplusplus
| extern "C"
| #endif
| char timer_create ();
| int
| main ()
| {
| return timer_create ();
|   ;
|   return 0;
| }
configure:5378: gcc -o conftest -g -O2   conftest.c -lrt  -lm  >&5
configure:5378: $? = 0
configure:5395: result: -lrt
configure:5403: checking for library containing pthread_sigmask
configure:5434: gcc -o conftest -g -O2   conftest.c -lrt -lm  >&5
/tmp/ccrIzNF0.o: In function `main':
/home/ovs/cs6480/final_project/installing/openvswitch-2.0.0/conftest.c:38: undefined reference to `pthread_sigmask'
collect2: error: ld returned 1 exit status
configure:5434: $? = 1
configure: failed program was:
| /* confdefs.h */
| #define PACKAGE_NAME "openvswitch"
| #define PACKAGE_TARNAME "openvswitch"
| #define PACKAGE_VERSION "2.0.0"
| #define PACKAGE_STRING "openvswitch 2.0.0"
| #define PACKAGE_BUGREPORT "ovs-bugs@openvswitch.org"
| #define PACKAGE_URL ""
| #define PACKAGE "openvswitch"
| #define VERSION "2.0.0"
| #define STDC_HEADERS 1
| #define HAVE_SYS_TYPES_H 1
| #define HAVE_SYS_STAT_H 1
| #define HAVE_STDLIB_H 1
| #define HAVE_STRING_H 1
| #define HAVE_MEMORY_H 1
| #define HAVE_STRINGS_H 1
| #define HAVE_INTTYPES_H 1
| #define HAVE_STDINT_H 1
| #define HAVE_UNISTD_H 1
| #define __EXTENSIONS__ 1
| #define _ALL_SOURCE 1
| #define _GNU_SOURCE 1
| #define _POSIX_PTHREAD_SEMANTICS 1
| #define _TANDEM_SOURCE 1
| #define _FILE_OFFSET_BITS 64
| /* end confdefs.h.  */
| 
| /* Override any GCC internal prototype to avoid an error.
|    Use char because int might match the return type of a GCC
|    builtin and then its argument prototype would still apply.  */
| #ifdef __cplusplus
| extern "C"
| #endif
| char pthread_sigmask ();
| int
| main ()
| {
| return pthread_sigmask ();
|   ;
|   return 0;
| }
configure:5434: gcc -o conftest -g -O2   conftest.c -lpthread  -lrt -lm  >&5
configure:5434: $? = 0
configure:5451: result: -lpthread
configure:5459: checking whether strerror_r is declared
configure:5459: gcc -c -g -O2  conftest.c >&5
configure:5459: $? = 0
configure:5459: result: yes
configure:5472: checking for strerror_r
configure:5472: gcc -o conftest -g -O2   conftest.c -lpthread -lrt -lm  >&5
configure:5472: $? = 0
configure:5472: result: yes
configure:5481: checking whether strerror_r returns char *
configure:5505: gcc -c -g -O2  conftest.c >&5
configure:5505: $? = 0
configure:5543: result: yes
configure:5552: checking vmware.h usability
configure:5552: gcc -c -g -O2  conftest.c >&5
conftest.c:63:20: fatal error: vmware.h: No such file or directory
compilation terminated.
configure:5552: $? = 1
configure: failed program was:
| /* confdefs.h */
| #define PACKAGE_NAME "openvswitch"
| #define PACKAGE_TARNAME "openvswitch"
| #define PACKAGE_VERSION "2.0.0"
| #define PACKAGE_STRING "openvswitch 2.0.0"
| #define PACKAGE_BUGREPORT "ovs-bugs@openvswitch.org"
| #define PACKAGE_URL ""
| #define PACKAGE "openvswitch"
| #define VERSION "2.0.0"
| #define STDC_HEADERS 1
| #define HAVE_SYS_TYPES_H 1
| #define HAVE_SYS_STAT_H 1
| #define HAVE_STDLIB_H 1
| #define HAVE_STRING_H 1
| #define HAVE_MEMORY_H 1
| #define HAVE_STRINGS_H 1
| #define HAVE_INTTYPES_H 1
| #define HAVE_STDINT_H 1
| #define HAVE_UNISTD_H 1
| #define __EXTENSIONS__ 1
| #define _ALL_SOURCE 1
| #define _GNU_SOURCE 1
| #define _POSIX_PTHREAD_SEMANTICS 1
| #define _TANDEM_SOURCE 1
| #define _FILE_OFFSET_BITS 64
| #define HAVE_DECL_STRERROR_R 1
| #define HAVE_STRERROR_R 1
| #define STRERROR_R_CHAR_P 1
| /* end confdefs.h.  */
| #include <stdio.h>
| #ifdef HAVE_SYS_TYPES_H
| # include <sys/types.h>
| #endif
| #ifdef HAVE_SYS_STAT_H
| # include <sys/stat.h>
| #endif
| #ifdef STDC_HEADERS
| # include <stdlib.h>
| # include <stddef.h>
| #else
| # ifdef HAVE_STDLIB_H
| #  include <stdlib.h>
| # endif
| #endif
| #ifdef HAVE_STRING_H
| # if !defined STDC_HEADERS && defined HAVE_MEMORY_H
| #  include <memory.h>
| # endif
| # include <string.h>
| #endif
| #ifdef HAVE_STRINGS_H
| # include <strings.h>
| #endif
| #ifdef HAVE_INTTYPES_H
| # include <inttypes.h>
| #endif
| #ifdef HAVE_STDINT_H
| # include <stdint.h>
| #endif
| #ifdef HAVE_UNISTD_H
| # include <unistd.h>
| #endif
| #include <vmware.h>
configure:5552: result: no
configure:5552: checking vmware.h presence
configure:5552: gcc -E  conftest.c
conftest.c:30:20: fatal error: vmware.h: No such file or directory
compilation terminated.
configure:5552: $? = 1
configure: failed program was:
| /* confdefs.h */
| #define PACKAGE_NAME "openvswitch"
| #define PACKAGE_TARNAME "openvswitch"
| #define PACKAGE_VERSION "2.0.0"
| #define PACKAGE_STRING "openvswitch 2.0.0"
| #define PACKAGE_BUGREPORT "ovs-bugs@openvswitch.org"
| #define PACKAGE_URL ""
| #define PACKAGE "openvswitch"
| #define VERSION "2.0.0"
| #define STDC_HEADERS 1
| #define HAVE_SYS_TYPES_H 1
| #define HAVE_SYS_STAT_H 1
| #define HAVE_STDLIB_H 1
| #define HAVE_STRING_H 1
| #define HAVE_MEMORY_H 1
| #define HAVE_STRINGS_H 1
| #define HAVE_INTTYPES_H 1
| #define HAVE_STDINT_H 1
| #define HAVE_UNISTD_H 1
| #define __EXTENSIONS__ 1
| #define _ALL_SOURCE 1
| #define _GNU_SOURCE 1
| #define _POSIX_PTHREAD_SEMANTICS 1
| #define _TANDEM_SOURCE 1
| #define _FILE_OFFSET_BITS 64
| #define HAVE_DECL_STRERROR_R 1
| #define HAVE_STRERROR_R 1
| #define STRERROR_R_CHAR_P 1
| /* end confdefs.h.  */
| #include <vmware.h>
configure:5552: result: no
configure:5552: checking for vmware.h
configure:5552: result: no
configure:5608: checking for linux/netlink.h
configure:5608: gcc -c -g -O2  conftest.c >&5
configure:5608: $? = 0
configure:5608: result: yes
configure:5665: checking for pkg-config
configure:5683: found /usr/bin/pkg-config
configure:5695: result: /usr/bin/pkg-config
configure:5728: checking for openssl/ssl.h in /usr/local/ssl
configure:5739: result: no
configure:5728: checking for openssl/ssl.h in /usr/lib/ssl
configure:5739: result: no
configure:5728: checking for openssl/ssl.h in /usr/ssl
configure:5739: result: no
configure:5728: checking for openssl/ssl.h in /usr/pkg
configure:5739: result: no
configure:5728: checking for openssl/ssl.h in /usr/local
configure:5739: result: no
configure:5728: checking for openssl/ssl.h in /usr
configure:5739: result: no
configure:5751: checking whether compiling and linking against OpenSSL works
Trying link with SSL_LDFLAGS=; SSL_LIBS=; SSL_INCLUDES=
configure:5773: gcc -o conftest -g -O2     conftest.c  -lpthread -lrt -lm  >&5
conftest.c:31:25: fatal error: openssl/ssl.h: No such file or directory
compilation terminated.
configure:5773: $? = 1
configure: failed program was:
| /* confdefs.h */
| #define PACKAGE_NAME "openvswitch"
| #define PACKAGE_TARNAME "openvswitch"
| #define PACKAGE_VERSION "2.0.0"
| #define PACKAGE_STRING "openvswitch 2.0.0"
| #define PACKAGE_BUGREPORT "ovs-bugs@openvswitch.org"
| #define PACKAGE_URL ""
| #define PACKAGE "openvswitch"
| #define VERSION "2.0.0"
| #define STDC_HEADERS 1
| #define HAVE_SYS_TYPES_H 1
| #define HAVE_SYS_STAT_H 1
| #define HAVE_STDLIB_H 1
| #define HAVE_STRING_H 1
| #define HAVE_MEMORY_H 1
| #define HAVE_STRINGS_H 1
| #define HAVE_INTTYPES_H 1
| #define HAVE_STDINT_H 1
| #define HAVE_UNISTD_H 1
| #define __EXTENSIONS__ 1
| #define _ALL_SOURCE 1
| #define _GNU_SOURCE 1
| #define _POSIX_PTHREAD_SEMANTICS 1
| #define _TANDEM_SOURCE 1
| #define _FILE_OFFSET_BITS 64
| #define HAVE_DECL_STRERROR_R 1
| #define HAVE_STRERROR_R 1
| #define STRERROR_R_CHAR_P 1
| #define HAVE_NETLINK 1
| /* end confdefs.h.  */
| #include <openssl/ssl.h>
| int
| main ()
| {
| SSL_new(NULL)
|   ;
|   return 0;
| }
configure:5781: result: no
configure:5790: WARNING: Cannot find openssl:



OpenFlow connections over SSL will not be supported.
(You may use --disable-ssl to suppress this warning.)
configure:5838: checking for Python 2.x for x >= 4
configure:5864: result: /usr/bin/python
configure:5884: checking for pyuic4
configure:5895: result: pyuic4
configure:5904: checking for PySide.QtCore Python module
running /usr/bin/python -c 'import PySide.QtCore
import sys
sys.exit(0)'...
Traceback (most recent call last):
  File "<string>", line 1, in <module>
ImportError: No module named PySide.QtCore
configure:5921: result: no
configure:5924: checking for PyQt4.QtCore Python module
running /usr/bin/python -c 'import PyQt4.QtCore
import sys
sys.exit(0)'...
configure:5941: result: yes
configure:5944: checking for twisted.conch.ssh Python module
running /usr/bin/python -c 'import twisted.conch.ssh
import sys
sys.exit(0)'...
Traceback (most recent call last):
  File "<string>", line 1, in <module>
ImportError: No module named conch.ssh
configure:5961: result: no
configure:5964: checking for twisted.internet Python module
running /usr/bin/python -c 'import twisted.internet
import sys
sys.exit(0)'...
configure:5981: result: yes
configure:5984: checking for twisted.application Python module
running /usr/bin/python -c 'import twisted.application
import sys
sys.exit(0)'...
configure:6001: result: yes
configure:6004: checking for json Python module
running /usr/bin/python -c 'import json
import sys
sys.exit(0)'...
configure:6021: result: yes
configure:6024: checking for zope.interface Python module
running /usr/bin/python -c 'import zope.interface
import sys
sys.exit(0)'...
configure:6041: result: yes
configure:6054: checking whether to build ovsdbmonitor
configure:6056: result: no
configure:6066: checking for dot
configure:6077: result: no
configure:6087: checking net/if_packet.h usability
configure:6087: gcc -c -g -O2  conftest.c >&5
configure:6087: $? = 0
configure:6087: result: yes
configure:6087: checking net/if_packet.h presence
configure:6087: gcc -E  conftest.c
configure:6087: $? = 0
configure:6087: result: yes
configure:6087: checking for net/if_packet.h
configure:6087: result: yes
configure:6108: checking net/if_dl.h usability
configure:6108: gcc -c -g -O2  conftest.c >&5
conftest.c:65:23: fatal error: net/if_dl.h: No such file or directory
compilation terminated.
configure:6108: $? = 1
configure: failed program was:
| /* confdefs.h */
| #define PACKAGE_NAME "openvswitch"
| #define PACKAGE_TARNAME "openvswitch"
| #define PACKAGE_VERSION "2.0.0"
| #define PACKAGE_STRING "openvswitch 2.0.0"
| #define PACKAGE_BUGREPORT "ovs-bugs@openvswitch.org"
| #define PACKAGE_URL ""
| #define PACKAGE "openvswitch"
| #define VERSION "2.0.0"
| #define STDC_HEADERS 1
| #define HAVE_SYS_TYPES_H 1
| #define HAVE_SYS_STAT_H 1
| #define HAVE_STDLIB_H 1
| #define HAVE_STRING_H 1
| #define HAVE_MEMORY_H 1
| #define HAVE_STRINGS_H 1
| #define HAVE_INTTYPES_H 1
| #define HAVE_STDINT_H 1
| #define HAVE_UNISTD_H 1
| #define __EXTENSIONS__ 1
| #define _ALL_SOURCE 1
| #define _GNU_SOURCE 1
| #define _POSIX_PTHREAD_SEMANTICS 1
| #define _TANDEM_SOURCE 1
| #define _FILE_OFFSET_BITS 64
| #define HAVE_DECL_STRERROR_R 1
| #define HAVE_STRERROR_R 1
| #define STRERROR_R_CHAR_P 1
| #define HAVE_NETLINK 1
| #define HAVE_IF_PACKET 1
| /* end confdefs.h.  */
| #include <stdio.h>
| #ifdef HAVE_SYS_TYPES_H
| # include <sys/types.h>
| #endif
| #ifdef HAVE_SYS_STAT_H
| # include <sys/stat.h>
| #endif
| #ifdef STDC_HEADERS
| # include <stdlib.h>
| # include <stddef.h>
| #else
| # ifdef HAVE_STDLIB_H
| #  include <stdlib.h>
| # endif
| #endif
| #ifdef HAVE_STRING_H
| # if !defined STDC_HEADERS && defined HAVE_MEMORY_H
| #  include <memory.h>
| # endif
| # include <string.h>
| #endif
| #ifdef HAVE_STRINGS_H
| # include <strings.h>
| #endif
| #ifdef HAVE_INTTYPES_H
| # include <inttypes.h>
| #endif
| #ifdef HAVE_STDINT_H
| # include <stdint.h>
| #endif
| #ifdef HAVE_UNISTD_H
| # include <unistd.h>
| #endif
| #include <net/if_dl.h>
configure:6108: result: no
configure:6108: checking net/if_dl.h presence
configure:6108: gcc -E  conftest.c
conftest.c:32:23: fatal error: net/if_dl.h: No such file or directory
compilation terminated.
configure:6108: $? = 1
configure: failed program was:
| /* confdefs.h */
| #define PACKAGE_NAME "openvswitch"
| #define PACKAGE_TARNAME "openvswitch"
| #define PACKAGE_VERSION "2.0.0"
| #define PACKAGE_STRING "openvswitch 2.0.0"
| #define PACKAGE_BUGREPORT "ovs-bugs@openvswitch.org"
| #define PACKAGE_URL ""
| #define PACKAGE "openvswitch"
| #define VERSION "2.0.0"
| #define STDC_HEADERS 1
| #define HAVE_SYS_TYPES_H 1
| #define HAVE_SYS_STAT_H 1
| #define HAVE_STDLIB_H 1
| #define HAVE_STRING_H 1
| #define HAVE_MEMORY_H 1
| #define HAVE_STRINGS_H 1
| #define HAVE_INTTYPES_H 1
| #define HAVE_STDINT_H 1
| #define HAVE_UNISTD_H 1
| #define __EXTENSIONS__ 1
| #define _ALL_SOURCE 1
| #define _GNU_SOURCE 1
| #define _POSIX_PTHREAD_SEMANTICS 1
| #define _TANDEM_SOURCE 1
| #define _FILE_OFFSET_BITS 64
| #define HAVE_DECL_STRERROR_R 1
| #define HAVE_STRERROR_R 1
| #define STRERROR_R_CHAR_P 1
| #define HAVE_NETLINK 1
| #define HAVE_IF_PACKET 1
| /* end confdefs.h.  */
| #include <net/if_dl.h>
configure:6108: result: no
configure:6108: checking for net/if_dl.h
configure:6108: result: no
configure:6187: checking whether strtok_r macro segfaults on some inputs
configure:6216: gcc -o conftest -g -O2   conftest.c -lpthread -lrt -lm  >&5
conftest.c: In function 'main':
conftest.c:43:36: warning: ignoring return value of 'freopen', declared with attribute warn_unused_result [-Wunused-result]
configure:6216: $? = 0
configure:6216: ./conftest
configure:6216: $? = 0
configure:6226: result: no
configure:6234: checking whether sys_siglist is declared
configure:6234: gcc -c -g -O2  conftest.c >&5
configure:6234: $? = 0
configure:6234: result: yes
configure:6246: checking for struct stat.st_mtim.tv_nsec
configure:6246: gcc -c -g -O2  conftest.c >&5
configure:6246: $? = 0
configure:6246: result: yes
configure:6256: checking for struct stat.st_mtimensec
configure:6256: gcc -c -g -O2  conftest.c >&5
conftest.c: In function 'main':
conftest.c:40:12: error: 'struct stat' has no member named 'st_mtimensec'
configure:6256: $? = 1
configure: failed program was:
| /* confdefs.h */
| #define PACKAGE_NAME "openvswitch"
| #define PACKAGE_TARNAME "openvswitch"
| #define PACKAGE_VERSION "2.0.0"
| #define PACKAGE_STRING "openvswitch 2.0.0"
| #define PACKAGE_BUGREPORT "ovs-bugs@openvswitch.org"
| #define PACKAGE_URL ""
| #define PACKAGE "openvswitch"
| #define VERSION "2.0.0"
| #define STDC_HEADERS 1
| #define HAVE_SYS_TYPES_H 1
| #define HAVE_SYS_STAT_H 1
| #define HAVE_STDLIB_H 1
| #define HAVE_STRING_H 1
| #define HAVE_MEMORY_H 1
| #define HAVE_STRINGS_H 1
| #define HAVE_INTTYPES_H 1
| #define HAVE_STDINT_H 1
| #define HAVE_UNISTD_H 1
| #define __EXTENSIONS__ 1
| #define _ALL_SOURCE 1
| #define _GNU_SOURCE 1
| #define _POSIX_PTHREAD_SEMANTICS 1
| #define _TANDEM_SOURCE 1
| #define _FILE_OFFSET_BITS 64
| #define HAVE_DECL_STRERROR_R 1
| #define HAVE_STRERROR_R 1
| #define STRERROR_R_CHAR_P 1
| #define HAVE_NETLINK 1
| #define HAVE_IF_PACKET 1
| #define HAVE_DECL_SYS_SIGLIST 1
| #define HAVE_STRUCT_STAT_ST_MTIM_TV_NSEC 1
| /* end confdefs.h.  */
| #include <sys/stat.h>
| 
| int
| main ()
| {
| static struct stat ac_aggr;
| if (ac_aggr.st_mtimensec)
| return 0;
|   ;
|   return 0;
| }
configure:6256: gcc -c -g -O2  conftest.c >&5
conftest.c: In function 'main':
conftest.c:40:19: error: 'struct stat' has no member named 'st_mtimensec'
configure:6256: $? = 1
configure: failed program was:
| /* confdefs.h */
| #define PACKAGE_NAME "openvswitch"
| #define PACKAGE_TARNAME "openvswitch"
| #define PACKAGE_VERSION "2.0.0"
| #define PACKAGE_STRING "openvswitch 2.0.0"
| #define PACKAGE_BUGREPORT "ovs-bugs@openvswitch.org"
| #define PACKAGE_URL ""
| #define PACKAGE "openvswitch"
| #define VERSION "2.0.0"
| #define STDC_HEADERS 1
| #define HAVE_SYS_TYPES_H 1
| #define HAVE_SYS_STAT_H 1
| #define HAVE_STDLIB_H 1
| #define HAVE_STRING_H 1
| #define HAVE_MEMORY_H 1
| #define HAVE_STRINGS_H 1
| #define HAVE_INTTYPES_H 1
| #define HAVE_STDINT_H 1
| #define HAVE_UNISTD_H 1
| #define __EXTENSIONS__ 1
| #define _ALL_SOURCE 1
| #define _GNU_SOURCE 1
| #define _POSIX_PTHREAD_SEMANTICS 1
| #define _TANDEM_SOURCE 1
| #define _FILE_OFFSET_BITS 64
| #define HAVE_DECL_STRERROR_R 1
| #define HAVE_STRERROR_R 1
| #define STRERROR_R_CHAR_P 1
| #define HAVE_NETLINK 1
| #define HAVE_IF_PACKET 1
| #define HAVE_DECL_SYS_SIGLIST 1
| #define HAVE_STRUCT_STAT_ST_MTIM_TV_NSEC 1
| /* end confdefs.h.  */
| #include <sys/stat.h>
| 
| int
| main ()
| {
| static struct stat ac_aggr;
| if (sizeof ac_aggr.st_mtimensec)
| return 0;
|   ;
|   return 0;
| }
configure:6256: result: no
configure:6267: checking for struct ifreq.ifr_flagshigh
configure:6267: gcc -c -g -O2  conftest.c >&5
conftest.c: In function 'main':
conftest.c:40:12: error: 'struct ifreq' has no member named 'ifr_flagshigh'
configure:6267: $? = 1
configure: failed program was:
| /* confdefs.h */
| #define PACKAGE_NAME "openvswitch"
| #define PACKAGE_TARNAME "openvswitch"
| #define PACKAGE_VERSION "2.0.0"
| #define PACKAGE_STRING "openvswitch 2.0.0"
| #define PACKAGE_BUGREPORT "ovs-bugs@openvswitch.org"
| #define PACKAGE_URL ""
| #define PACKAGE "openvswitch"
| #define VERSION "2.0.0"
| #define STDC_HEADERS 1
| #define HAVE_SYS_TYPES_H 1
| #define HAVE_SYS_STAT_H 1
| #define HAVE_STDLIB_H 1
| #define HAVE_STRING_H 1
| #define HAVE_MEMORY_H 1
| #define HAVE_STRINGS_H 1
| #define HAVE_INTTYPES_H 1
| #define HAVE_STDINT_H 1
| #define HAVE_UNISTD_H 1
| #define __EXTENSIONS__ 1
| #define _ALL_SOURCE 1
| #define _GNU_SOURCE 1
| #define _POSIX_PTHREAD_SEMANTICS 1
| #define _TANDEM_SOURCE 1
| #define _FILE_OFFSET_BITS 64
| #define HAVE_DECL_STRERROR_R 1
| #define HAVE_STRERROR_R 1
| #define STRERROR_R_CHAR_P 1
| #define HAVE_NETLINK 1
| #define HAVE_IF_PACKET 1
| #define HAVE_DECL_SYS_SIGLIST 1
| #define HAVE_STRUCT_STAT_ST_MTIM_TV_NSEC 1
| /* end confdefs.h.  */
| #include <net/if.h>
| 
| int
| main ()
| {
| static struct ifreq ac_aggr;
| if (ac_aggr.ifr_flagshigh)
| return 0;
|   ;
|   return 0;
| }
configure:6267: gcc -c -g -O2  conftest.c >&5
conftest.c: In function 'main':
conftest.c:40:19: error: 'struct ifreq' has no member named 'ifr_flagshigh'
configure:6267: $? = 1
configure: failed program was:
| /* confdefs.h */
| #define PACKAGE_NAME "openvswitch"
| #define PACKAGE_TARNAME "openvswitch"
| #define PACKAGE_VERSION "2.0.0"
| #define PACKAGE_STRING "openvswitch 2.0.0"
| #define PACKAGE_BUGREPORT "ovs-bugs@openvswitch.org"
| #define PACKAGE_URL ""
| #define PACKAGE "openvswitch"
| #define VERSION "2.0.0"
| #define STDC_HEADERS 1
| #define HAVE_SYS_TYPES_H 1
| #define HAVE_SYS_STAT_H 1
| #define HAVE_STDLIB_H 1
| #define HAVE_STRING_H 1
| #define HAVE_MEMORY_H 1
| #define HAVE_STRINGS_H 1
| #define HAVE_INTTYPES_H 1
| #define HAVE_STDINT_H 1
| #define HAVE_UNISTD_H 1
| #define __EXTENSIONS__ 1
| #define _ALL_SOURCE 1
| #define _GNU_SOURCE 1
| #define _POSIX_PTHREAD_SEMANTICS 1
| #define _TANDEM_SOURCE 1
| #define _FILE_OFFSET_BITS 64
| #define HAVE_DECL_STRERROR_R 1
| #define HAVE_STRERROR_R 1
| #define STRERROR_R_CHAR_P 1
| #define HAVE_NETLINK 1
| #define HAVE_IF_PACKET 1
| #define HAVE_DECL_SYS_SIGLIST 1
| #define HAVE_STRUCT_STAT_ST_MTIM_TV_NSEC 1
| /* end confdefs.h.  */
| #include <net/if.h>
| 
| int
| main ()
| {
| static struct ifreq ac_aggr;
| if (sizeof ac_aggr.ifr_flagshigh)
| return 0;
|   ;
|   return 0;
| }
configure:6267: result: no
configure:6281: checking for mlockall
configure:6281: gcc -o conftest -g -O2   conftest.c -lpthread -lrt -lm  >&5
configure:6281: $? = 0
configure:6281: result: yes
configure:6281: checking for strnlen
configure:6281: gcc -o conftest -g -O2   conftest.c -lpthread -lrt -lm  >&5
configure:6281: $? = 0
configure:6281: result: yes
configure:6281: checking for getloadavg
configure:6281: gcc -o conftest -g -O2   conftest.c -lpthread -lrt -lm  >&5
configure:6281: $? = 0
configure:6281: result: yes
configure:6281: checking for statvfs
configure:6281: gcc -o conftest -g -O2   conftest.c -lpthread -lrt -lm  >&5
configure:6281: $? = 0
configure:6281: result: yes
configure:6281: checking for getmntent_r
configure:6281: gcc -o conftest -g -O2   conftest.c -lpthread -lrt -lm  >&5
configure:6281: $? = 0
configure:6281: result: yes
configure:6293: checking mntent.h usability
configure:6293: gcc -c -g -O2  conftest.c >&5
configure:6293: $? = 0
configure:6293: result: yes
configure:6293: checking mntent.h presence
configure:6293: gcc -E  conftest.c
configure:6293: $? = 0
configure:6293: result: yes
configure:6293: checking for mntent.h
configure:6293: result: yes
configure:6293: checking sys/statvfs.h usability
configure:6293: gcc -c -g -O2  conftest.c >&5
configure:6293: $? = 0
configure:6293: result: yes
configure:6293: checking sys/statvfs.h presence
configure:6293: gcc -E  conftest.c
configure:6293: $? = 0
configure:6293: result: yes
configure:6293: checking for sys/statvfs.h
configure:6293: result: yes
configure:6293: checking linux/types.h usability
configure:6293: gcc -c -g -O2  conftest.c >&5
configure:6293: $? = 0
configure:6293: result: yes
configure:6293: checking linux/types.h presence
configure:6293: gcc -E  conftest.c
configure:6293: $? = 0
configure:6293: result: yes
configure:6293: checking for linux/types.h
configure:6293: result: yes
configure:6293: checking linux/if_ether.h usability
configure:6293: gcc -c -g -O2  conftest.c >&5
configure:6293: $? = 0
configure:6293: result: yes
configure:6293: checking linux/if_ether.h presence
configure:6293: gcc -E  conftest.c
configure:6293: $? = 0
configure:6293: result: yes
configure:6293: checking for linux/if_ether.h
configure:6293: result: yes
configure:6293: checking stdatomic.h usability
configure:6293: gcc -c -g -O2  conftest.c >&5
conftest.c:76:23: fatal error: stdatomic.h: No such file or directory
compilation terminated.
configure:6293: $? = 1
configure: failed program was:
| /* confdefs.h */
| #define PACKAGE_NAME "openvswitch"
| #define PACKAGE_TARNAME "openvswitch"
| #define PACKAGE_VERSION "2.0.0"
| #define PACKAGE_STRING "openvswitch 2.0.0"
| #define PACKAGE_BUGREPORT "ovs-bugs@openvswitch.org"
| #define PACKAGE_URL ""
| #define PACKAGE "openvswitch"
| #define VERSION "2.0.0"
| #define STDC_HEADERS 1
| #define HAVE_SYS_TYPES_H 1
| #define HAVE_SYS_STAT_H 1
| #define HAVE_STDLIB_H 1
| #define HAVE_STRING_H 1
| #define HAVE_MEMORY_H 1
| #define HAVE_STRINGS_H 1
| #define HAVE_INTTYPES_H 1
| #define HAVE_STDINT_H 1
| #define HAVE_UNISTD_H 1
| #define __EXTENSIONS__ 1
| #define _ALL_SOURCE 1
| #define _GNU_SOURCE 1
| #define _POSIX_PTHREAD_SEMANTICS 1
| #define _TANDEM_SOURCE 1
| #define _FILE_OFFSET_BITS 64
| #define HAVE_DECL_STRERROR_R 1
| #define HAVE_STRERROR_R 1
| #define STRERROR_R_CHAR_P 1
| #define HAVE_NETLINK 1
| #define HAVE_IF_PACKET 1
| #define HAVE_DECL_SYS_SIGLIST 1
| #define HAVE_STRUCT_STAT_ST_MTIM_TV_NSEC 1
| #define HAVE_MLOCKALL 1
| #define HAVE_STRNLEN 1
| #define HAVE_GETLOADAVG 1
| #define HAVE_STATVFS 1
| #define HAVE_GETMNTENT_R 1
| #define HAVE_MNTENT_H 1
| #define HAVE_SYS_STATVFS_H 1
| #define HAVE_LINUX_TYPES_H 1
| #define HAVE_LINUX_IF_ETHER_H 1
| /* end confdefs.h.  */
| #include <stdio.h>
| #ifdef HAVE_SYS_TYPES_H
| # include <sys/types.h>
| #endif
| #ifdef HAVE_SYS_STAT_H
| # include <sys/stat.h>
| #endif
| #ifdef STDC_HEADERS
| # include <stdlib.h>
| # include <stddef.h>
| #else
| # ifdef HAVE_STDLIB_H
| #  include <stdlib.h>
| # endif
| #endif
| #ifdef HAVE_STRING_H
| # if !defined STDC_HEADERS && defined HAVE_MEMORY_H
| #  include <memory.h>
| # endif
| # include <string.h>
| #endif
| #ifdef HAVE_STRINGS_H
| # include <strings.h>
| #endif
| #ifdef HAVE_INTTYPES_H
| # include <inttypes.h>
| #endif
| #ifdef HAVE_STDINT_H
| # include <stdint.h>
| #endif
| #ifdef HAVE_UNISTD_H
| # include <unistd.h>
| #endif
| #include <stdatomic.h>
configure:6293: result: no
configure:6293: checking stdatomic.h presence
configure:6293: gcc -E  conftest.c
conftest.c:43:23: fatal error: stdatomic.h: No such file or directory
compilation terminated.
configure:6293: $? = 1
configure: failed program was:
| /* confdefs.h */
| #define PACKAGE_NAME "openvswitch"
| #define PACKAGE_TARNAME "openvswitch"
| #define PACKAGE_VERSION "2.0.0"
| #define PACKAGE_STRING "openvswitch 2.0.0"
| #define PACKAGE_BUGREPORT "ovs-bugs@openvswitch.org"
| #define PACKAGE_URL ""
| #define PACKAGE "openvswitch"
| #define VERSION "2.0.0"
| #define STDC_HEADERS 1
| #define HAVE_SYS_TYPES_H 1
| #define HAVE_SYS_STAT_H 1
| #define HAVE_STDLIB_H 1
| #define HAVE_STRING_H 1
| #define HAVE_MEMORY_H 1
| #define HAVE_STRINGS_H 1
| #define HAVE_INTTYPES_H 1
| #define HAVE_STDINT_H 1
| #define HAVE_UNISTD_H 1
| #define __EXTENSIONS__ 1
| #define _ALL_SOURCE 1
| #define _GNU_SOURCE 1
| #define _POSIX_PTHREAD_SEMANTICS 1
| #define _TANDEM_SOURCE 1
| #define _FILE_OFFSET_BITS 64
| #define HAVE_DECL_STRERROR_R 1
| #define HAVE_STRERROR_R 1
| #define STRERROR_R_CHAR_P 1
| #define HAVE_NETLINK 1
| #define HAVE_IF_PACKET 1
| #define HAVE_DECL_SYS_SIGLIST 1
| #define HAVE_STRUCT_STAT_ST_MTIM_TV_NSEC 1
| #define HAVE_MLOCKALL 1
| #define HAVE_STRNLEN 1
| #define HAVE_GETLOADAVG 1
| #define HAVE_STATVFS 1
| #define HAVE_GETMNTENT_R 1
| #define HAVE_MNTENT_H 1
| #define HAVE_SYS_STATVFS_H 1
| #define HAVE_LINUX_TYPES_H 1
| #define HAVE_LINUX_IF_ETHER_H 1
| /* end confdefs.h.  */
| #include <stdatomic.h>
configure:6293: result: no
configure:6293: checking for stdatomic.h
configure:6293: result: no
configure:6305: checking for net/if_mib.h
configure:6305: gcc -c -g -O2  conftest.c >&5
conftest.c:46:24: fatal error: net/if_mib.h: No such file or directory
compilation terminated.
configure:6305: $? = 1
configure: failed program was:
| /* confdefs.h */
| #define PACKAGE_NAME "openvswitch"
| #define PACKAGE_TARNAME "openvswitch"
| #define PACKAGE_VERSION "2.0.0"
| #define PACKAGE_STRING "openvswitch 2.0.0"
| #define PACKAGE_BUGREPORT "ovs-bugs@openvswitch.org"
| #define PACKAGE_URL ""
| #define PACKAGE "openvswitch"
| #define VERSION "2.0.0"
| #define STDC_HEADERS 1
| #define HAVE_SYS_TYPES_H 1
| #define HAVE_SYS_STAT_H 1
| #define HAVE_STDLIB_H 1
| #define HAVE_STRING_H 1
| #define HAVE_MEMORY_H 1
| #define HAVE_STRINGS_H 1
| #define HAVE_INTTYPES_H 1
| #define HAVE_STDINT_H 1
| #define HAVE_UNISTD_H 1
| #define __EXTENSIONS__ 1
| #define _ALL_SOURCE 1
| #define _GNU_SOURCE 1
| #define _POSIX_PTHREAD_SEMANTICS 1
| #define _TANDEM_SOURCE 1
| #define _FILE_OFFSET_BITS 64
| #define HAVE_DECL_STRERROR_R 1
| #define HAVE_STRERROR_R 1
| #define STRERROR_R_CHAR_P 1
| #define HAVE_NETLINK 1
| #define HAVE_IF_PACKET 1
| #define HAVE_DECL_SYS_SIGLIST 1
| #define HAVE_STRUCT_STAT_ST_MTIM_TV_NSEC 1
| #define HAVE_MLOCKALL 1
| #define HAVE_STRNLEN 1
| #define HAVE_GETLOADAVG 1
| #define HAVE_STATVFS 1
| #define HAVE_GETMNTENT_R 1
| #define HAVE_MNTENT_H 1
| #define HAVE_SYS_STATVFS_H 1
| #define HAVE_LINUX_TYPES_H 1
| #define HAVE_LINUX_IF_ETHER_H 1
| /* end confdefs.h.  */
| #include <sys/types.h>
| #include <net/if.h>
| 
| #include <net/if_mib.h>
configure:6305: result: no
configure:6345: checking for library containing backtrace
configure:6376: gcc -o conftest -g -O2   conftest.c -lpthread -lrt -lm  >&5
configure:6376: $? = 0
configure:6393: result: none required
configure:6403: checking whether libc supports hooks for malloc and related functions
configure:6422: gcc -c -g -O2  conftest.c >&5
conftest.c: In function 'main':
conftest.c:49:1: warning: '__malloc_hook' is deprecated (declared at /usr/include/malloc.h:175) [-Wdeprecated-declarations]
conftest.c:50:11: warning: '__realloc_hook' is deprecated (declared at /usr/include/malloc.h:178) [-Wdeprecated-declarations]
conftest.c:51:11: warning: '__free_hook' is deprecated (declared at /usr/include/malloc.h:172) [-Wdeprecated-declarations]
configure:6422: $? = 0
configure:6429: result: yes
configure:6438: checking valgrind/valgrind.h usability
configure:6438: gcc -c -g -O2  conftest.c >&5
conftest.c:78:31: fatal error: valgrind/valgrind.h: No such file or directory
compilation terminated.
configure:6438: $? = 1
configure: failed program was:
| /* confdefs.h */
| #define PACKAGE_NAME "openvswitch"
| #define PACKAGE_TARNAME "openvswitch"
| #define PACKAGE_VERSION "2.0.0"
| #define PACKAGE_STRING "openvswitch 2.0.0"
| #define PACKAGE_BUGREPORT "ovs-bugs@openvswitch.org"
| #define PACKAGE_URL ""
| #define PACKAGE "openvswitch"
| #define VERSION "2.0.0"
| #define STDC_HEADERS 1
| #define HAVE_SYS_TYPES_H 1
| #define HAVE_SYS_STAT_H 1
| #define HAVE_STDLIB_H 1
| #define HAVE_STRING_H 1
| #define HAVE_MEMORY_H 1
| #define HAVE_STRINGS_H 1
| #define HAVE_INTTYPES_H 1
| #define HAVE_STDINT_H 1
| #define HAVE_UNISTD_H 1
| #define __EXTENSIONS__ 1
| #define _ALL_SOURCE 1
| #define _GNU_SOURCE 1
| #define _POSIX_PTHREAD_SEMANTICS 1
| #define _TANDEM_SOURCE 1
| #define _FILE_OFFSET_BITS 64
| #define HAVE_DECL_STRERROR_R 1
| #define HAVE_STRERROR_R 1
| #define STRERROR_R_CHAR_P 1
| #define HAVE_NETLINK 1
| #define HAVE_IF_PACKET 1
| #define HAVE_DECL_SYS_SIGLIST 1
| #define HAVE_STRUCT_STAT_ST_MTIM_TV_NSEC 1
| #define HAVE_MLOCKALL 1
| #define HAVE_STRNLEN 1
| #define HAVE_GETLOADAVG 1
| #define HAVE_STATVFS 1
| #define HAVE_GETMNTENT_R 1
| #define HAVE_MNTENT_H 1
| #define HAVE_SYS_STATVFS_H 1
| #define HAVE_LINUX_TYPES_H 1
| #define HAVE_LINUX_IF_ETHER_H 1
| #define HAVE_BACKTRACE 1
| #define HAVE_MALLOC_HOOKS 1
| /* end confdefs.h.  */
| #include <stdio.h>
| #ifdef HAVE_SYS_TYPES_H
| # include <sys/types.h>
| #endif
| #ifdef HAVE_SYS_STAT_H
| # include <sys/stat.h>
| #endif
| #ifdef STDC_HEADERS
| # include <stdlib.h>
| # include <stddef.h>
| #else
| # ifdef HAVE_STDLIB_H
| #  include <stdlib.h>
| # endif
| #endif
| #ifdef HAVE_STRING_H
| # if !defined STDC_HEADERS && defined HAVE_MEMORY_H
| #  include <memory.h>
| # endif
| # include <string.h>
| #endif
| #ifdef HAVE_STRINGS_H
| # include <strings.h>
| #endif
| #ifdef HAVE_INTTYPES_H
| # include <inttypes.h>
| #endif
| #ifdef HAVE_STDINT_H
| # include <stdint.h>
| #endif
| #ifdef HAVE_UNISTD_H
| # include <unistd.h>
| #endif
| #include <valgrind/valgrind.h>
configure:6438: result: no
configure:6438: checking valgrind/valgrind.h presence
configure:6438: gcc -E  conftest.c
conftest.c:45:31: fatal error: valgrind/valgrind.h: No such file or directory
compilation terminated.
configure:6438: $? = 1
configure: failed program was:
| /* confdefs.h */
| #define PACKAGE_NAME "openvswitch"
| #define PACKAGE_TARNAME "openvswitch"
| #define PACKAGE_VERSION "2.0.0"
| #define PACKAGE_STRING "openvswitch 2.0.0"
| #define PACKAGE_BUGREPORT "ovs-bugs@openvswitch.org"
| #define PACKAGE_URL ""
| #define PACKAGE "openvswitch"
| #define VERSION "2.0.0"
| #define STDC_HEADERS 1
| #define HAVE_SYS_TYPES_H 1
| #define HAVE_SYS_STAT_H 1
| #define HAVE_STDLIB_H 1
| #define HAVE_STRING_H 1
| #define HAVE_MEMORY_H 1
| #define HAVE_STRINGS_H 1
| #define HAVE_INTTYPES_H 1
| #define HAVE_STDINT_H 1
| #define HAVE_UNISTD_H 1
| #define __EXTENSIONS__ 1
| #define _ALL_SOURCE 1
| #define _GNU_SOURCE 1
| #define _POSIX_PTHREAD_SEMANTICS 1
| #define _TANDEM_SOURCE 1
| #define _FILE_OFFSET_BITS 64
| #define HAVE_DECL_STRERROR_R 1
| #define HAVE_STRERROR_R 1
| #define STRERROR_R_CHAR_P 1
| #define HAVE_NETLINK 1
| #define HAVE_IF_PACKET 1
| #define HAVE_DECL_SYS_SIGLIST 1
| #define HAVE_STRUCT_STAT_ST_MTIM_TV_NSEC 1
| #define HAVE_MLOCKALL 1
| #define HAVE_STRNLEN 1
| #define HAVE_GETLOADAVG 1
| #define HAVE_STATVFS 1
| #define HAVE_GETMNTENT_R 1
| #define HAVE_MNTENT_H 1
| #define HAVE_SYS_STATVFS_H 1
| #define HAVE_LINUX_TYPES_H 1
| #define HAVE_LINUX_IF_ETHER_H 1
| #define HAVE_BACKTRACE 1
| #define HAVE_MALLOC_HOOKS 1
| /* end confdefs.h.  */
| #include <valgrind/valgrind.h>
configure:6438: result: no
configure:6438: checking for valgrind/valgrind.h
configure:6438: result: no
configure:6448: checking for connect in -lsocket
configure:6473: gcc -o conftest -g -O2   conftest.c -lsocket  -lpthread -lrt -lm  >&5
/usr/bin/ld: cannot find -lsocket
collect2: error: ld returned 1 exit status
configure:6473: $? = 1
configure: failed program was:
| /* confdefs.h */
| #define PACKAGE_NAME "openvswitch"
| #define PACKAGE_TARNAME "openvswitch"
| #define PACKAGE_VERSION "2.0.0"
| #define PACKAGE_STRING "openvswitch 2.0.0"
| #define PACKAGE_BUGREPORT "ovs-bugs@openvswitch.org"
| #define PACKAGE_URL ""
| #define PACKAGE "openvswitch"
| #define VERSION "2.0.0"
| #define STDC_HEADERS 1
| #define HAVE_SYS_TYPES_H 1
| #define HAVE_SYS_STAT_H 1
| #define HAVE_STDLIB_H 1
| #define HAVE_STRING_H 1
| #define HAVE_MEMORY_H 1
| #define HAVE_STRINGS_H 1
| #define HAVE_INTTYPES_H 1
| #define HAVE_STDINT_H 1
| #define HAVE_UNISTD_H 1
| #define __EXTENSIONS__ 1
| #define _ALL_SOURCE 1
| #define _GNU_SOURCE 1
| #define _POSIX_PTHREAD_SEMANTICS 1
| #define _TANDEM_SOURCE 1
| #define _FILE_OFFSET_BITS 64
| #define HAVE_DECL_STRERROR_R 1
| #define HAVE_STRERROR_R 1
| #define STRERROR_R_CHAR_P 1
| #define HAVE_NETLINK 1
| #define HAVE_IF_PACKET 1
| #define HAVE_DECL_SYS_SIGLIST 1
| #define HAVE_STRUCT_STAT_ST_MTIM_TV_NSEC 1
| #define HAVE_MLOCKALL 1
| #define HAVE_STRNLEN 1
| #define HAVE_GETLOADAVG 1
| #define HAVE_STATVFS 1
| #define HAVE_GETMNTENT_R 1
| #define HAVE_MNTENT_H 1
| #define HAVE_SYS_STATVFS_H 1
| #define HAVE_LINUX_TYPES_H 1
| #define HAVE_LINUX_IF_ETHER_H 1
| #define HAVE_BACKTRACE 1
| #define HAVE_MALLOC_HOOKS 1
| /* end confdefs.h.  */
| 
| /* Override any GCC internal prototype to avoid an error.
|    Use char because int might match the return type of a GCC
|    builtin and then its argument prototype would still apply.  */
| #ifdef __cplusplus
| extern "C"
| #endif
| char connect ();
| int
| main ()
| {
| return connect ();
|   ;
|   return 0;
| }
configure:6482: result: no
configure:6493: checking for library containing gethostbyname
configure:6524: gcc -o conftest -g -O2   conftest.c -lpthread -lrt -lm  >&5
configure:6524: $? = 0
configure:6541: result: none required
configure:6549: checking for user-defined linker section support
configure:6586: gcc -o conftest -g -O2   conftest1.c conftest2.c -lpthread -lrt -lm  >&5
configure:6595: $? = 0
configure:6617: result: yes
configure:6632: checking XenServer release
configure:6644: result: none
configure:6656: checking for groff
configure:6667: result: yes
configure:6677: checking whether make is GNU make
configure:6683: invoking make --version:
GNU Make 3.81
Copyright (C) 2006  Free Software Foundation, Inc.
This is free software; see the source for copying conditions.
There is NO warranty; not even for MERCHANTABILITY or FITNESS FOR A
PARTICULAR PURPOSE.

This program built for i686-pc-linux-gnu
configure:6694: result: yes
configure:6718: checking whether gcc has <threads.h> that supports thread_local
configure:6735: gcc -o conftest -g -O2   conftest.c -lpthread -lrt -lm  >&5
conftest.c:46:21: fatal error: threads.h: No such file or directory
compilation terminated.
configure:6735: $? = 1
configure: failed program was:
| /* confdefs.h */
| #define PACKAGE_NAME "openvswitch"
| #define PACKAGE_TARNAME "openvswitch"
| #define PACKAGE_VERSION "2.0.0"
| #define PACKAGE_STRING "openvswitch 2.0.0"
| #define PACKAGE_BUGREPORT "ovs-bugs@openvswitch.org"
| #define PACKAGE_URL ""
| #define PACKAGE "openvswitch"
| #define VERSION "2.0.0"
| #define STDC_HEADERS 1
| #define HAVE_SYS_TYPES_H 1
| #define HAVE_SYS_STAT_H 1
| #define HAVE_STDLIB_H 1
| #define HAVE_STRING_H 1
| #define HAVE_MEMORY_H 1
| #define HAVE_STRINGS_H 1
| #define HAVE_INTTYPES_H 1
| #define HAVE_STDINT_H 1
| #define HAVE_UNISTD_H 1
| #define __EXTENSIONS__ 1
| #define _ALL_SOURCE 1
| #define _GNU_SOURCE 1
| #define _POSIX_PTHREAD_SEMANTICS 1
| #define _TANDEM_SOURCE 1
| #define _FILE_OFFSET_BITS 64
| #define HAVE_DECL_STRERROR_R 1
| #define HAVE_STRERROR_R 1
| #define STRERROR_R_CHAR_P 1
| #define HAVE_NETLINK 1
| #define HAVE_IF_PACKET 1
| #define HAVE_DECL_SYS_SIGLIST 1
| #define HAVE_STRUCT_STAT_ST_MTIM_TV_NSEC 1
| #define HAVE_MLOCKALL 1
| #define HAVE_STRNLEN 1
| #define HAVE_GETLOADAVG 1
| #define HAVE_STATVFS 1
| #define HAVE_GETMNTENT_R 1
| #define HAVE_MNTENT_H 1
| #define HAVE_SYS_STATVFS_H 1
| #define HAVE_LINUX_TYPES_H 1
| #define HAVE_LINUX_IF_ETHER_H 1
| #define HAVE_BACKTRACE 1
| #define HAVE_MALLOC_HOOKS 1
| #define USE_LINKER_SECTIONS 1
| /* end confdefs.h.  */
| #include <threads.h>
| static thread_local int var;
| int
| main ()
| {
| return var;
|   ;
|   return 0;
| }
configure:6743: result: no
configure:6750: checking whether gcc supports __thread
configure:6766: gcc -o conftest -g -O2   conftest.c -lpthread -lrt -lm  >&5
configure:6766: $? = 0
configure:6774: result: yes
configure:6782: checking whether gcc supports GCC 4.0+ atomic built-ins
configure:6849: gcc -o conftest -g -O2   conftest.c -lpthread -lrt -lm  >&5
configure:6849: $? = 0
configure:6857: result: yes
configure:6864: checking value of __atomic_always_lock_free(1)
configure:6869: gcc -o conftest -g -O2   conftest.c -lpthread -lrt -lm  >&5
configure:6869: $? = 0
configure:6869: ./conftest
configure:6869: $? = 0
configure:6876: result: 1
configure:6885: checking value of __atomic_always_lock_free(2)
configure:6890: gcc -o conftest -g -O2   conftest.c -lpthread -lrt -lm  >&5
configure:6890: $? = 0
configure:6890: ./conftest
configure:6890: $? = 0
configure:6897: result: 1
configure:6906: checking value of __atomic_always_lock_free(4)
configure:6911: gcc -o conftest -g -O2   conftest.c -lpthread -lrt -lm  >&5
configure:6911: $? = 0
configure:6911: ./conftest
configure:6911: $? = 0
configure:6918: result: 1
configure:6927: checking value of __atomic_always_lock_free(8)
configure:6932: gcc -o conftest -g -O2   conftest.c -lpthread -lrt -lm  >&5
configure:6932: $? = 0
configure:6932: ./conftest
configure:6932: $? = 0
configure:6939: result: 1
configure:6948: checking for library containing aio_write
configure:6979: gcc -o conftest -g -O2   conftest.c -lpthread -lrt -lm  >&5
configure:6979: $? = 0
configure:6996: result: none required
configure:7014: checking for pthread_set_name_np
configure:7014: gcc -o conftest -g -O2   conftest.c -lpthread -lrt -lm  >&5
/tmp/ccGhch2Z.o: In function `main':
/home/ovs/cs6480/final_project/installing/openvswitch-2.0.0/conftest.c:86: undefined reference to `pthread_set_name_np'
collect2: error: ld returned 1 exit status
configure:7014: $? = 1
configure: failed program was:
| /* confdefs.h */
| #define PACKAGE_NAME "openvswitch"
| #define PACKAGE_TARNAME "openvswitch"
| #define PACKAGE_VERSION "2.0.0"
| #define PACKAGE_STRING "openvswitch 2.0.0"
| #define PACKAGE_BUGREPORT "ovs-bugs@openvswitch.org"
| #define PACKAGE_URL ""
| #define PACKAGE "openvswitch"
| #define VERSION "2.0.0"
| #define STDC_HEADERS 1
| #define HAVE_SYS_TYPES_H 1
| #define HAVE_SYS_STAT_H 1
| #define HAVE_STDLIB_H 1
| #define HAVE_STRING_H 1
| #define HAVE_MEMORY_H 1
| #define HAVE_STRINGS_H 1
| #define HAVE_INTTYPES_H 1
| #define HAVE_STDINT_H 1
| #define HAVE_UNISTD_H 1
| #define __EXTENSIONS__ 1
| #define _ALL_SOURCE 1
| #define _GNU_SOURCE 1
| #define _POSIX_PTHREAD_SEMANTICS 1
| #define _TANDEM_SOURCE 1
| #define _FILE_OFFSET_BITS 64
| #define HAVE_DECL_STRERROR_R 1
| #define HAVE_STRERROR_R 1
| #define STRERROR_R_CHAR_P 1
| #define HAVE_NETLINK 1
| #define HAVE_IF_PACKET 1
| #define HAVE_DECL_SYS_SIGLIST 1
| #define HAVE_STRUCT_STAT_ST_MTIM_TV_NSEC 1
| #define HAVE_MLOCKALL 1
| #define HAVE_STRNLEN 1
| #define HAVE_GETLOADAVG 1
| #define HAVE_STATVFS 1
| #define HAVE_GETMNTENT_R 1
| #define HAVE_MNTENT_H 1
| #define HAVE_SYS_STATVFS_H 1
| #define HAVE_LINUX_TYPES_H 1
| #define HAVE_LINUX_IF_ETHER_H 1
| #define HAVE_BACKTRACE 1
| #define HAVE_MALLOC_HOOKS 1
| #define USE_LINKER_SECTIONS 1
| #define HAVE___THREAD 1
| #define HAVE_GCC4_ATOMICS 1
| #define ATOMIC_ALWAYS_LOCK_FREE_1B 1
| #define ATOMIC_ALWAYS_LOCK_FREE_2B 1
| #define ATOMIC_ALWAYS_LOCK_FREE_4B 1
| #define ATOMIC_ALWAYS_LOCK_FREE_8B 1
| /* end confdefs.h.  */
| /* Define pthread_set_name_np to an innocuous variant, in case <limits.h> declares pthread_set_name_np.
|    For example, HP-UX 11i <limits.h> declares gettimeofday.  */
| #define pthread_set_name_np innocuous_pthread_set_name_np
| 
| /* System header to define __stub macros and hopefully few prototypes,
|     which can conflict with char pthread_set_name_np (); below.
|     Prefer <limits.h> to <assert.h> if __STDC__ is defined, since
|     <limits.h> exists even on freestanding compilers.  */
| 
| #ifdef __STDC__
| # include <limits.h>
| #else
| # include <assert.h>
| #endif
| 
| #undef pthread_set_name_np
| 
| /* Override any GCC internal prototype to avoid an error.
|    Use char because int might match the return type of a GCC
|    builtin and then its argument prototype would still apply.  */
| #ifdef __cplusplus
| extern "C"
| #endif
| char pthread_set_name_np ();
| /* The GNU C library defines this for functions which it implements
|     to always fail with ENOSYS.  Some functions are actually named
|     something starting with __ and the normal name is an alias.  */
| #if defined __stub_pthread_set_name_np || defined __stub___pthread_set_name_np
| choke me
| #endif
| 
| int
| main ()
| {
| return pthread_set_name_np ();
|   ;
|   return 0;
| }
configure:7014: result: no
configure:7024: checking for pthread_setname_np() variant
configure:7041: gcc -o conftest -g -O2   conftest.c -lpthread -lrt -lm  >&5
configure:7041: $? = 0
configure:7067: result: glibc
configure:7084: checking whether gcc accepts -Werror
configure:7102: gcc -c -g -O2  -Werror  conftest.c >&5
configure:7102: $? = 0
configure:7110: result: yes
configure:7119: checking whether gcc accepts -Wall
configure:7137: gcc -c -g -O2 -Werror -Wall  conftest.c >&5
configure:7137: $? = 0
configure:7145: result: yes
configure:7155: checking whether gcc accepts -Wextra
configure:7173: gcc -c -g -O2 -Werror -Wextra  conftest.c >&5
configure:7173: $? = 0
configure:7181: result: yes
configure:7191: checking whether gcc accepts -Wno-sign-compare
configure:7209: gcc -c -g -O2 -Werror -Wno-sign-compare  conftest.c >&5
configure:7209: $? = 0
configure:7217: result: yes
configure:7227: checking whether gcc accepts -Wpointer-arith
configure:7245: gcc -c -g -O2 -Werror -Wpointer-arith  conftest.c >&5
configure:7245: $? = 0
configure:7253: result: yes
configure:7263: checking whether gcc accepts -Wdeclaration-after-statement
configure:7281: gcc -c -g -O2 -Werror -Wdeclaration-after-statement  conftest.c >&5
configure:7281: $? = 0
configure:7289: result: yes
configure:7299: checking whether gcc accepts -Wformat-security
configure:7317: gcc -c -g -O2 -Werror -Wformat-security  conftest.c >&5
configure:7317: $? = 0
configure:7325: result: yes
configure:7335: checking whether gcc accepts -Wswitch-enum
configure:7353: gcc -c -g -O2 -Werror -Wswitch-enum  conftest.c >&5
configure:7353: $? = 0
configure:7361: result: yes
configure:7371: checking whether gcc accepts -Wunused-parameter
configure:7389: gcc -c -g -O2 -Werror -Wunused-parameter  conftest.c >&5
configure:7389: $? = 0
configure:7397: result: yes
configure:7407: checking whether gcc accepts -Wstrict-aliasing
configure:7425: gcc -c -g -O2 -Werror -Wstrict-aliasing  conftest.c >&5
configure:7425: $? = 0
configure:7433: result: yes
configure:7443: checking whether gcc accepts -Wbad-function-cast
configure:7461: gcc -c -g -O2 -Werror -Wbad-function-cast  conftest.c >&5
configure:7461: $? = 0
configure:7469: result: yes
configure:7479: checking whether gcc accepts -Wcast-align
configure:7497: gcc -c -g -O2 -Werror -Wcast-align  conftest.c >&5
configure:7497: $? = 0
configure:7505: result: yes
configure:7515: checking whether gcc accepts -Wstrict-prototypes
configure:7533: gcc -c -g -O2 -Werror -Wstrict-prototypes  conftest.c >&5
conftest.c:55:1: error: function declaration isn't a prototype [-Werror=strict-prototypes]
cc1: all warnings being treated as errors
configure:7533: $? = 1
configure: failed program was:
| /* confdefs.h */
| #define PACKAGE_NAME "openvswitch"
| #define PACKAGE_TARNAME "openvswitch"
| #define PACKAGE_VERSION "2.0.0"
| #define PACKAGE_STRING "openvswitch 2.0.0"
| #define PACKAGE_BUGREPORT "ovs-bugs@openvswitch.org"
| #define PACKAGE_URL ""
| #define PACKAGE "openvswitch"
| #define VERSION "2.0.0"
| #define STDC_HEADERS 1
| #define HAVE_SYS_TYPES_H 1
| #define HAVE_SYS_STAT_H 1
| #define HAVE_STDLIB_H 1
| #define HAVE_STRING_H 1
| #define HAVE_MEMORY_H 1
| #define HAVE_STRINGS_H 1
| #define HAVE_INTTYPES_H 1
| #define HAVE_STDINT_H 1
| #define HAVE_UNISTD_H 1
| #define __EXTENSIONS__ 1
| #define _ALL_SOURCE 1
| #define _GNU_SOURCE 1
| #define _POSIX_PTHREAD_SEMANTICS 1
| #define _TANDEM_SOURCE 1
| #define _FILE_OFFSET_BITS 64
| #define HAVE_DECL_STRERROR_R 1
| #define HAVE_STRERROR_R 1
| #define STRERROR_R_CHAR_P 1
| #define HAVE_NETLINK 1
| #define HAVE_IF_PACKET 1
| #define HAVE_DECL_SYS_SIGLIST 1
| #define HAVE_STRUCT_STAT_ST_MTIM_TV_NSEC 1
| #define HAVE_MLOCKALL 1
| #define HAVE_STRNLEN 1
| #define HAVE_GETLOADAVG 1
| #define HAVE_STATVFS 1
| #define HAVE_GETMNTENT_R 1
| #define HAVE_MNTENT_H 1
| #define HAVE_SYS_STATVFS_H 1
| #define HAVE_LINUX_TYPES_H 1
| #define HAVE_LINUX_IF_ETHER_H 1
| #define HAVE_BACKTRACE 1
| #define HAVE_MALLOC_HOOKS 1
| #define USE_LINKER_SECTIONS 1
| #define HAVE___THREAD 1
| #define HAVE_GCC4_ATOMICS 1
| #define ATOMIC_ALWAYS_LOCK_FREE_1B 1
| #define ATOMIC_ALWAYS_LOCK_FREE_2B 1
| #define ATOMIC_ALWAYS_LOCK_FREE_4B 1
| #define ATOMIC_ALWAYS_LOCK_FREE_8B 1
| #define HAVE_GLIBC_PTHREAD_SETNAME_NP 1
| /* end confdefs.h.  */
| 
| int
| main ()
| {
| 
|   ;
|   return 0;
| }
configure:7541: result: no
configure:7551: checking whether gcc accepts -Wold-style-definition
configure:7569: gcc -c -g -O2 -Werror -Wold-style-definition  conftest.c >&5
conftest.c: In function 'main':
conftest.c:55:1: error: old-style function definition [-Werror=old-style-definition]
cc1: all warnings being treated as errors
configure:7569: $? = 1
configure: failed program was:
| /* confdefs.h */
| #define PACKAGE_NAME "openvswitch"
| #define PACKAGE_TARNAME "openvswitch"
| #define PACKAGE_VERSION "2.0.0"
| #define PACKAGE_STRING "openvswitch 2.0.0"
| #define PACKAGE_BUGREPORT "ovs-bugs@openvswitch.org"
| #define PACKAGE_URL ""
| #define PACKAGE "openvswitch"
| #define VERSION "2.0.0"
| #define STDC_HEADERS 1
| #define HAVE_SYS_TYPES_H 1
| #define HAVE_SYS_STAT_H 1
| #define HAVE_STDLIB_H 1
| #define HAVE_STRING_H 1
| #define HAVE_MEMORY_H 1
| #define HAVE_STRINGS_H 1
| #define HAVE_INTTYPES_H 1
| #define HAVE_STDINT_H 1
| #define HAVE_UNISTD_H 1
| #define __EXTENSIONS__ 1
| #define _ALL_SOURCE 1
| #define _GNU_SOURCE 1
| #define _POSIX_PTHREAD_SEMANTICS 1
| #define _TANDEM_SOURCE 1
| #define _FILE_OFFSET_BITS 64
| #define HAVE_DECL_STRERROR_R 1
| #define HAVE_STRERROR_R 1
| #define STRERROR_R_CHAR_P 1
| #define HAVE_NETLINK 1
| #define HAVE_IF_PACKET 1
| #define HAVE_DECL_SYS_SIGLIST 1
| #define HAVE_STRUCT_STAT_ST_MTIM_TV_NSEC 1
| #define HAVE_MLOCKALL 1
| #define HAVE_STRNLEN 1
| #define HAVE_GETLOADAVG 1
| #define HAVE_STATVFS 1
| #define HAVE_GETMNTENT_R 1
| #define HAVE_MNTENT_H 1
| #define HAVE_SYS_STATVFS_H 1
| #define HAVE_LINUX_TYPES_H 1
| #define HAVE_LINUX_IF_ETHER_H 1
| #define HAVE_BACKTRACE 1
| #define HAVE_MALLOC_HOOKS 1
| #define USE_LINKER_SECTIONS 1
| #define HAVE___THREAD 1
| #define HAVE_GCC4_ATOMICS 1
| #define ATOMIC_ALWAYS_LOCK_FREE_1B 1
| #define ATOMIC_ALWAYS_LOCK_FREE_2B 1
| #define ATOMIC_ALWAYS_LOCK_FREE_4B 1
| #define ATOMIC_ALWAYS_LOCK_FREE_8B 1
| #define HAVE_GLIBC_PTHREAD_SETNAME_NP 1
| /* end confdefs.h.  */
| 
| int
| main ()
| {
| 
|   ;
|   return 0;
| }
configure:7577: result: no
configure:7587: checking whether gcc accepts -Wmissing-prototypes
configure:7605: gcc -c -g -O2 -Werror -Wmissing-prototypes  conftest.c >&5
configure:7605: $? = 0
configure:7613: result: yes
configure:7623: checking whether gcc accepts -Wmissing-field-initializers
configure:7641: gcc -c -g -O2 -Werror -Wmissing-field-initializers  conftest.c >&5
configure:7641: $? = 0
configure:7649: result: yes
configure:7659: checking whether gcc accepts -Wthread-safety
configure:7677: gcc -c -g -O2 -Werror -Wthread-safety  conftest.c >&5
gcc: error: unrecognized command line option '-Wthread-safety'
configure:7677: $? = 1
configure: failed program was:
| /* confdefs.h */
| #define PACKAGE_NAME "openvswitch"
| #define PACKAGE_TARNAME "openvswitch"
| #define PACKAGE_VERSION "2.0.0"
| #define PACKAGE_STRING "openvswitch 2.0.0"
| #define PACKAGE_BUGREPORT "ovs-bugs@openvswitch.org"
| #define PACKAGE_URL ""
| #define PACKAGE "openvswitch"
| #define VERSION "2.0.0"
| #define STDC_HEADERS 1
| #define HAVE_SYS_TYPES_H 1
| #define HAVE_SYS_STAT_H 1
| #define HAVE_STDLIB_H 1
| #define HAVE_STRING_H 1
| #define HAVE_MEMORY_H 1
| #define HAVE_STRINGS_H 1
| #define HAVE_INTTYPES_H 1
| #define HAVE_STDINT_H 1
| #define HAVE_UNISTD_H 1
| #define __EXTENSIONS__ 1
| #define _ALL_SOURCE 1
| #define _GNU_SOURCE 1
| #define _POSIX_PTHREAD_SEMANTICS 1
| #define _TANDEM_SOURCE 1
| #define _FILE_OFFSET_BITS 64
| #define HAVE_DECL_STRERROR_R 1
| #define HAVE_STRERROR_R 1
| #define STRERROR_R_CHAR_P 1
| #define HAVE_NETLINK 1
| #define HAVE_IF_PACKET 1
| #define HAVE_DECL_SYS_SIGLIST 1
| #define HAVE_STRUCT_STAT_ST_MTIM_TV_NSEC 1
| #define HAVE_MLOCKALL 1
| #define HAVE_STRNLEN 1
| #define HAVE_GETLOADAVG 1
| #define HAVE_STATVFS 1
| #define HAVE_GETMNTENT_R 1
| #define HAVE_MNTENT_H 1
| #define HAVE_SYS_STATVFS_H 1
| #define HAVE_LINUX_TYPES_H 1
| #define HAVE_LINUX_IF_ETHER_H 1
| #define HAVE_BACKTRACE 1
| #define HAVE_MALLOC_HOOKS 1
| #define USE_LINKER_SECTIONS 1
| #define HAVE___THREAD 1
| #define HAVE_GCC4_ATOMICS 1
| #define ATOMIC_ALWAYS_LOCK_FREE_1B 1
| #define ATOMIC_ALWAYS_LOCK_FREE_2B 1
| #define ATOMIC_ALWAYS_LOCK_FREE_4B 1
| #define ATOMIC_ALWAYS_LOCK_FREE_8B 1
| #define HAVE_GLIBC_PTHREAD_SETNAME_NP 1
| /* end confdefs.h.  */
| 
| int
| main ()
| {
| 
|   ;
|   return 0;
| }
configure:7685: result: no
configure:7695: checking whether gcc accepts -Wno-unused
configure:7713: gcc -c -g -O2 -Werror -Wno-unused  conftest.c >&5
configure:7713: $? = 0
configure:7721: result: yes
configure:7738: checking whether gcc accepts -Wno-unused-parameter
configure:7756: gcc -c -g -O2 -Werror -Wno-unused-parameter  conftest.c >&5
configure:7756: $? = 0
configure:7764: result: yes
configure:7788: checking target hint for cgcc
configure:7802: result: x86
configure:7814: checking whether make has GNU make $(if) extension
configure:7825: invoking make -f conftest.mk all:
echo y > conftest.out
configure:7827: conftest.out contains:
y
configure:7837: result: yes
configure:7911: checking for Linux build directory
configure:7914: result: /lib/modules/3.8.0-19-generic/build
configure:7926: checking for Linux source directory
configure:7960: result: /lib/modules/3.8.0-19-generic/build
configure:7963: checking for kernel version
configure:7975: result: 3.8.8
configure:8003: checking whether src_err, matches in /lib/modules/3.8.0-19-generic/build/arch/x86/include/asm/checksum_32.h
configure:8017: result: no
configure:8033: checking whether ERR_CAST matches in /lib/modules/3.8.0-19-generic/build/include/linux/err.h
configure:8040: result: yes
configure:8063: checking whether eth_hw_addr_random matches in /lib/modules/3.8.0-19-generic/build/include/linux/etherdevice.h
configure:8070: result: yes
configure:8093: checking whether vlan_set_encap_proto matches in /lib/modules/3.8.0-19-generic/build/include/linux/if_vlan.h
configure:8100: result: yes
configure:8123: checking whether ipv4_is_multicast matches in /lib/modules/3.8.0-19-generic/build/include/linux/in.h
configure:8130: result: yes
configure:8153: checking whether dev_disable_lro matches in /lib/modules/3.8.0-19-generic/build/include/linux/netdevice.h
configure:8160: result: yes
configure:8182: checking whether dev_get_stats matches in /lib/modules/3.8.0-19-generic/build/include/linux/netdevice.h
configure:8189: result: yes
configure:8211: checking whether dev_get_by_index_rcu matches in /lib/modules/3.8.0-19-generic/build/include/linux/netdevice.h
configure:8218: result: yes
configure:8240: checking whether __skb_gso_segment matches in /lib/modules/3.8.0-19-generic/build/include/linux/netdevice.h
configure:8254: result: no
configure:8269: checking whether can_checksum_protocol matches in /lib/modules/3.8.0-19-generic/build/include/linux/netdevice.h
configure:8283: result: no
configure:8299: checking whether rcu_read_lock_held matches in /lib/modules/3.8.0-19-generic/build/include/linux/rcupdate.h
configure:8306: result: yes
configure:8390: checking whether [^@]proto_data_valid matches in /lib/modules/3.8.0-19-generic/build/include/linux/skbuff.h
configure:8404: result: no
configure:8419: checking whether raw matches in /lib/modules/3.8.0-19-generic/build/include/linux/skbuff.h
configure:8433: result: no
configure:8448: checking whether skb_dst( matches in /lib/modules/3.8.0-19-generic/build/include/linux/skbuff.h
configure:8455: result: yes
configure:8477: checking whether skb_copy_from_linear_data_offset matches in /lib/modules/3.8.0-19-generic/build/include/linux/skbuff.h
configure:8484: result: yes
configure:8506: checking whether skb_reset_tail_pointer matches in /lib/modules/3.8.0-19-generic/build/include/linux/skbuff.h
configure:8513: result: yes
configure:8535: checking whether skb_cow_head matches in /lib/modules/3.8.0-19-generic/build/include/linux/skbuff.h
configure:8542: result: yes
configure:8564: checking whether skb_transport_header matches in /lib/modules/3.8.0-19-generic/build/include/linux/skbuff.h
configure:8571: result: yes
configure:8593: checking whether icmp6_hdr matches in /lib/modules/3.8.0-19-generic/build/include/linux/icmpv6.h
configure:8600: result: yes
configure:8622: checking whether skb_warn_if_lro matches in /lib/modules/3.8.0-19-generic/build/include/linux/skbuff.h
configure:8629: result: yes
configure:8651: checking whether consume_skb matches in /lib/modules/3.8.0-19-generic/build/include/linux/skbuff.h
configure:8658: result: yes
configure:8680: checking whether skb_frag_page matches in /lib/modules/3.8.0-19-generic/build/include/linux/skbuff.h
configure:8687: result: yes
configure:8709: checking whether skb_reset_mac_len matches in /lib/modules/3.8.0-19-generic/build/include/linux/skbuff.h
configure:8716: result: yes
configure:8738: checking whether skb_unclone matches in /lib/modules/3.8.0-19-generic/build/include/linux/skbuff.h
configure:8752: result: no
configure:8768: checking whether bool matches in /lib/modules/3.8.0-19-generic/build/include/linux/types.h
configure:8775: result: yes
configure:8797: checking whether __wsum matches in /lib/modules/3.8.0-19-generic/build/include/linux/types.h
configure:8811: result: no
configure:8826: checking whether __wsum matches in /lib/modules/3.8.0-19-generic/build/include/uapi/linux/types.h
configure:8833: result: yes
configure:8856: checking whether csum_replace4 matches in /lib/modules/3.8.0-19-generic/build/include/net/checksum.h
configure:8863: result: yes
configure:8885: checking whether csum_unfold matches in /lib/modules/3.8.0-19-generic/build/include/net/checksum.h
configure:8892: result: yes
configure:8915: checking whether parallel_ops matches in /lib/modules/3.8.0-19-generic/build/include/net/genetlink.h
configure:8929: result: no
configure:8944: checking whether nla_get_be16 matches in /lib/modules/3.8.0-19-generic/build/include/net/netlink.h
configure:8951: result: yes
configure:8973: checking whether nla_put_be16 matches in /lib/modules/3.8.0-19-generic/build/include/net/netlink.h
configure:8980: result: yes
configure:9002: checking whether nla_put_be32 matches in /lib/modules/3.8.0-19-generic/build/include/net/netlink.h
configure:9009: result: yes
configure:9031: checking whether nla_put_be64 matches in /lib/modules/3.8.0-19-generic/build/include/net/netlink.h
configure:9038: result: yes
configure:9060: checking whether nla_find_nested matches in /lib/modules/3.8.0-19-generic/build/include/net/netlink.h
configure:9067: result: yes
configure:9090: checking whether ADD_ALL_VLANS_CMD matches in /lib/modules/3.8.0-19-generic/build/include/linux/if_vlan.h
configure:9104: result: no
configure:9120: checking whether this_cpu_ptr matches in /lib/modules/3.8.0-19-generic/build/include/linux/percpu.h
configure:9127: result: yes
configure:9150: checking whether openvswitch_handle_frame_hook matches in /lib/modules/3.8.0-19-generic/build/include/linux/openvswitch.h
configure:9164: result: no
configure:9180: checking for /lib/modules/3.8.0-19-generic/build/include/linux/log2.h
configure:9183: result: yes
configure:9442: creating ./config.status

## ---------------------- ##
## Running config.status. ##
## ---------------------- ##

This file was extended by openvswitch config.status 2.0.0, which was
generated by GNU Autoconf 2.69.  Invocation command line was

  CONFIG_FILES    = 
  CONFIG_HEADERS  = 
  CONFIG_LINKS    = 
  CONFIG_COMMANDS = 
  $ ./config.status 

on ubuntu

config.status:949: creating Makefile
config.status:949: creating datapath/Makefile
config.status:949: creating datapath/linux/Kbuild
config.status:949: creating datapath/linux/Makefile
config.status:949: creating datapath/linux/Makefile.main
config.status:949: creating tests/atlocal
config.status:949: creating config.h
config.status:1130: config.h is unchanged
config.status:1178: executing tests/atconfig commands
config.status:1178: executing depfiles commands
config.status:1178: executing include/openflow/openflow.h.stamp commands
config.status:1178: executing ovsdb/ovsdbmonitor/dummy commands
config.status:1178: executing utilities/bugtool/dummy commands

## ---------------- ##
## Cache variables. ##
## ---------------- ##

ac_cv_c_bigendian=no
ac_cv_c_compiler_gnu=yes
ac_cv_env_CC_set=
ac_cv_env_CC_value=
ac_cv_env_CFLAGS_set=
ac_cv_env_CFLAGS_value=
ac_cv_env_CPPFLAGS_set=
ac_cv_env_CPPFLAGS_value=
ac_cv_env_CPP_set=
ac_cv_env_CPP_value=
ac_cv_env_KARCH_set=
ac_cv_env_KARCH_value=
ac_cv_env_LDFLAGS_set=
ac_cv_env_LDFLAGS_value=
ac_cv_env_LIBS_set=
ac_cv_env_LIBS_value=
ac_cv_env_PERL_set=
ac_cv_env_PERL_value=
ac_cv_env_build_alias_set=
ac_cv_env_build_alias_value=
ac_cv_env_host_alias_set=
ac_cv_env_host_alias_value=
ac_cv_env_target_alias_set=
ac_cv_env_target_alias_value=
ac_cv_func_getloadavg=yes
ac_cv_func_getmntent_r=yes
ac_cv_func_mlockall=yes
ac_cv_func_pthread_set_name_np=no
ac_cv_func_statvfs=yes
ac_cv_func_strerror_r=yes
ac_cv_func_strerror_r_char_p=yes
ac_cv_func_strnlen=yes
ac_cv_have_decl_strerror_r=yes
ac_cv_have_decl_sys_siglist=yes
ac_cv_header_inttypes_h=yes
ac_cv_header_linux_if_ether_h=yes
ac_cv_header_linux_netlink_h=yes
ac_cv_header_linux_types_h=yes
ac_cv_header_memory_h=yes
ac_cv_header_minix_config_h=no
ac_cv_header_mntent_h=yes
ac_cv_header_net_if_dl_h=no
ac_cv_header_net_if_mib_h=no
ac_cv_header_net_if_packet_h=yes
ac_cv_header_stdatomic_h=no
ac_cv_header_stdc=yes
ac_cv_header_stdint_h=yes
ac_cv_header_stdlib_h=yes
ac_cv_header_string_h=yes
ac_cv_header_strings_h=yes
ac_cv_header_sys_stat_h=yes
ac_cv_header_sys_statvfs_h=yes
ac_cv_header_sys_types_h=yes
ac_cv_header_unistd_h=yes
ac_cv_header_valgrind_valgrind_h=no
ac_cv_header_vmware_h=no
ac_cv_lib_socket_connect=no
ac_cv_member_struct_ifreq_ifr_flagshigh=no
ac_cv_member_struct_stat_st_mtim_tv_nsec=yes
ac_cv_member_struct_stat_st_mtimensec=no
ac_cv_objext=o
ac_cv_path_EGREP='/bin/grep -E'
ac_cv_path_FGREP='/bin/grep -F'
ac_cv_path_GREP=/bin/grep
ac_cv_path_PERL=/usr/bin/perl
ac_cv_path_PKG_CONFIG=/usr/bin/pkg-config
ac_cv_path_install='/usr/bin/install -c'
ac_cv_path_mkdir=/bin/mkdir
ac_cv_prog_AWK=mawk
ac_cv_prog_CPP='gcc -E'
ac_cv_prog_ac_ct_CC=gcc
ac_cv_prog_ac_ct_RANLIB=ranlib
ac_cv_prog_cc_c89=
ac_cv_prog_cc_g=yes
ac_cv_prog_cc_gcc_c_o=yes
ac_cv_prog_make_make_set=yes
ac_cv_safe_to_define___extensions__=yes
ac_cv_search_aio_write='none required'
ac_cv_search_backtrace='none required'
ac_cv_search_clock_gettime='none required'
ac_cv_search_gethostbyname='none required'
ac_cv_search_pow=-lm
ac_cv_search_pthread_sigmask=-lpthread
ac_cv_search_timer_create=-lrt
ac_cv_sparse_target=x86
ac_cv_sys_file_offset_bits=64
ac_cv_sys_largefile_CC=no
am_cv_CC_dependencies_compiler_type=gcc3
ovs_cv__Wall=yes
ovs_cv__Wbad_function_cast=yes
ovs_cv__Wcast_align=yes
ovs_cv__Wdeclaration_after_statement=yes
ovs_cv__Werror=yes
ovs_cv__Wextra=yes
ovs_cv__Wformat_security=yes
ovs_cv__Wmissing_field_initializers=yes
ovs_cv__Wmissing_prototypes=yes
ovs_cv__Wno_sign_compare=yes
ovs_cv__Wno_unused=yes
ovs_cv__Wno_unused_parameter=yes
ovs_cv__Wold_style_definition=no
ovs_cv__Wpointer_arith=yes
ovs_cv__Wstrict_aliasing=yes
ovs_cv__Wstrict_prototypes=no
ovs_cv__Wswitch_enum=yes
ovs_cv__Wthread_safety=no
ovs_cv__Wunused_parameter=yes
ovs_cv___thread=yes
ovs_cv_atomic_always_lock_free_1=1
ovs_cv_atomic_always_lock_free_2=1
ovs_cv_atomic_always_lock_free_4=1
ovs_cv_atomic_always_lock_free_8=1
ovs_cv_dot=no
ovs_cv_gcc4_atomics=yes
ovs_cv_gnu_make=yes
ovs_cv_gnu_make_if=yes
ovs_cv_groff=yes
ovs_cv_malloc_hooks=yes
ovs_cv_pthread_setname_np=glibc
ovs_cv_py_PyQt4_QtCore=yes
ovs_cv_py_PySide_QtCore=no
ovs_cv_py_json=yes
ovs_cv_py_twisted_application=yes
ovs_cv_py_twisted_conch_ssh=no
ovs_cv_py_twisted_internet=yes
ovs_cv_py_zope_interface=yes
ovs_cv_python=/usr/bin/python
ovs_cv_pyuic4=pyuic4
ovs_cv_strtok_r_bug=no
ovs_cv_thread_local=no
ovs_cv_use_linker_sections=yes
ovs_cv_xsversion=none

## ----------------- ##
## Output variables. ##
## ----------------- ##

ACLOCAL='${SHELL} /home/ovs/cs6480/final_project/installing/openvswitch-2.0.0/build-aux/missing --run aclocal-1.11'
AMDEPBACKSLASH='\'
AMDEP_FALSE='#'
AMDEP_TRUE=''
AMTAR='$${TAR-tar}'
AUTOCONF='${SHELL} /home/ovs/cs6480/final_project/installing/openvswitch-2.0.0/build-aux/missing --run autoconf'
AUTOHEADER='${SHELL} /home/ovs/cs6480/final_project/installing/openvswitch-2.0.0/build-aux/missing --run autoheader'
AUTOM4TE='${SHELL} /home/ovs/cs6480/final_project/installing/openvswitch-2.0.0/build-aux/missing --run autom4te'
AUTOMAKE='${SHELL} /home/ovs/cs6480/final_project/installing/openvswitch-2.0.0/build-aux/missing --run automake-1.11'
AWK='mawk'
BUILD_OVSDBMONITOR_FALSE=''
BUILD_OVSDBMONITOR_TRUE='#'
CC='$(if $(C),REAL_CC="gcc" CHECK="$(SPARSE) -I $(top_srcdir)/include/sparse $(SPARSEFLAGS) $(SPARSE_EXTRA_INCLUDES) " cgcc $(CGCCFLAGS),gcc)'
CCDEPMODE='depmode=gcc3'
CFLAGS='-g -O2'
CGCCFLAGS='-target=i86'
CPP='gcc -E'
CPPFLAGS=''
CYGPATH_W='echo'
DBDIR='${sysconfdir}/${PACKAGE}'
DEFS='-DHAVE_CONFIG_H'
DEPDIR='.deps'
ECHO_C=''
ECHO_N='-n'
ECHO_T=''
EGREP='/bin/grep -E'
ESX_FALSE=''
ESX_TRUE='#'
EXEEXT=''
FGREP='/bin/grep -F'
GNU_MAKE_FALSE='#'
GNU_MAKE_TRUE=''
GREP='/bin/grep'
HAVE_DOT_FALSE=''
HAVE_DOT_TRUE='#'
HAVE_GROFF_FALSE='#'
HAVE_GROFF_TRUE=''
HAVE_IF_DL_FALSE=''
HAVE_IF_DL_TRUE='#'
HAVE_IF_PACKET_FALSE='#'
HAVE_IF_PACKET_TRUE=''
HAVE_NETLINK_FALSE='#'
HAVE_NETLINK_TRUE=''
HAVE_OPENSSL='no'
HAVE_OPENSSL_FALSE=''
HAVE_OPENSSL_TRUE='#'
HAVE_POSIX_AIO_FALSE='#'
HAVE_POSIX_AIO_TRUE=''
HAVE_PYTHON='yes'
HAVE_PYTHON_FALSE='#'
HAVE_PYTHON_TRUE=''
HAVE_WNO_UNUSED_FALSE='#'
HAVE_WNO_UNUSED_PARAMETER_FALSE='#'
HAVE_WNO_UNUSED_PARAMETER_TRUE=''
HAVE_WNO_UNUSED_TRUE=''
INSTALL_DATA='${INSTALL} -m 644'
INSTALL_PROGRAM='${INSTALL}'
INSTALL_SCRIPT='${INSTALL}'
INSTALL_STRIP_PROGRAM='$(install_sh) -c -s'
KARCH=''
KBUILD='/lib/modules/3.8.0-19-generic/build'
LDFLAGS=''
LIBOBJS=''
LIBS='-lpthread -lrt -lm '
LINUX_DATAPATH_FALSE='#'
LINUX_DATAPATH_TRUE=''
LINUX_ENABLED_FALSE='#'
LINUX_ENABLED_TRUE=''
LOGDIR='${localstatedir}/log/${PACKAGE}'
LTLIBOBJS=''
MAKEINFO='${SHELL} /home/ovs/cs6480/final_project/installing/openvswitch-2.0.0/build-aux/missing --run makeinfo'
MKDIR_P='/bin/mkdir -p'
NDEBUG_FALSE=''
NDEBUG_TRUE='#'
OBJEXT='o'
PACKAGE='openvswitch'
PACKAGE_BUGREPORT='ovs-bugs@openvswitch.org'
PACKAGE_NAME='openvswitch'
PACKAGE_STRING='openvswitch 2.0.0'
PACKAGE_TARNAME='openvswitch'
PACKAGE_URL=''
PACKAGE_VERSION='2.0.0'
PATH_SEPARATOR=':'
PERL='/usr/bin/perl'
PKG_CONFIG='/usr/bin/pkg-config'
PKIDIR='${localstatedir}/lib/openvswitch/pki'
PYTHON='/usr/bin/python'
PYUIC4='pyuic4'
RANLIB='ranlib'
RUNDIR='${localstatedir}/run/openvswitch'
SET_MAKE=''
SHELL='/bin/bash'
SPARSE='sparse'
SPARSEFLAGS=''
SPARSE_EXTRA_INCLUDES='-I /usr/local/include -I /usr/include/i386-linux-gnu '
SSL_INCLUDES=''
SSL_LDFLAGS=''
SSL_LIBS=''
STRIP=''
USE_LINKER_SECTIONS_FALSE='#'
USE_LINKER_SECTIONS_TRUE=''
VERSION='2.0.0'
WARNING_FLAGS=' -Wall -Wextra -Wno-sign-compare -Wpointer-arith -Wdeclaration-after-statement -Wformat-security -Wswitch-enum -Wunused-parameter -Wstrict-aliasing -Wbad-function-cast -Wcast-align -Wmissing-prototypes -Wmissing-field-initializers'
ac_ct_CC='gcc'
am__EXEEXT_FALSE=''
am__EXEEXT_TRUE='#'
am__fastdepCC_FALSE='#'
am__fastdepCC_TRUE=''
am__include='include'
am__isrc=''
am__leading_dot='.'
am__nodep='_no'
am__quote=''
am__tar='$${TAR-tar} chof - "$$tardir"'
am__untar='$${TAR-tar} xf -'
bindir='${exec_prefix}/bin'
build_alias=''
datadir='${datarootdir}'
datarootdir='${prefix}/share'
docdir='${datarootdir}/doc/${PACKAGE_TARNAME}'
dvidir='${docdir}'
exec_prefix='${prefix}'
host_alias=''
htmldir='${docdir}'
includedir='${prefix}/include'
infodir='${datarootdir}/info'
install_sh='${SHELL} /home/ovs/cs6480/final_project/installing/openvswitch-2.0.0/build-aux/install-sh'
libdir='${exec_prefix}/lib'
libexecdir='${exec_prefix}/libexec'
localedir='${datarootdir}/locale'
localstatedir='${prefix}/var'
mandir='${datarootdir}/man'
mkdir_p='/bin/mkdir -p'
oldincludedir='/usr/include'
pdfdir='${docdir}'
prefix='/usr/local'
program_transform_name='s,x,x,'
psdir='${docdir}'
sbindir='${exec_prefix}/sbin'
sharedstatedir='${prefix}/com'
sysconfdir='${prefix}/etc'
target_alias=''

## ----------- ##
## confdefs.h. ##
## ----------- ##

/* confdefs.h */
#define PACKAGE_NAME "openvswitch"
#define PACKAGE_TARNAME "openvswitch"
#define PACKAGE_VERSION "2.0.0"
#define PACKAGE_STRING "openvswitch 2.0.0"
#define PACKAGE_BUGREPORT "ovs-bugs@openvswitch.org"
#define PACKAGE_URL ""
#define PACKAGE "openvswitch"
#define VERSION "2.0.0"
#define STDC_HEADERS 1
#define HAVE_SYS_TYPES_H 1
#define HAVE_SYS_STAT_H 1
#define HAVE_STDLIB_H 1
#define HAVE_STRING_H 1
#define HAVE_MEMORY_H 1
#define HAVE_STRINGS_H 1
#define HAVE_INTTYPES_H 1
#define HAVE_STDINT_H 1
#define HAVE_UNISTD_H 1
#define __EXTENSIONS__ 1
#define _ALL_SOURCE 1
#define _GNU_SOURCE 1
#define _POSIX_PTHREAD_SEMANTICS 1
#define _TANDEM_SOURCE 1
#define _FILE_OFFSET_BITS 64
#define HAVE_DECL_STRERROR_R 1
#define HAVE_STRERROR_R 1
#define STRERROR_R_CHAR_P 1
#define HAVE_NETLINK 1
#define HAVE_IF_PACKET 1
#define HAVE_DECL_SYS_SIGLIST 1
#define HAVE_STRUCT_STAT_ST_MTIM_TV_NSEC 1
#define HAVE_MLOCKALL 1
#define HAVE_STRNLEN 1
#define HAVE_GETLOADAVG 1
#define HAVE_STATVFS 1
#define HAVE_GETMNTENT_R 1
#define HAVE_MNTENT_H 1
#define HAVE_SYS_STATVFS_H 1
#define HAVE_LINUX_TYPES_H 1
#define HAVE_LINUX_IF_ETHER_H 1
#define HAVE_BACKTRACE 1
#define HAVE_MALLOC_HOOKS 1
#define USE_LINKER_SECTIONS 1
#define HAVE___THREAD 1
#define HAVE_GCC4_ATOMICS 1
#define ATOMIC_ALWAYS_LOCK_FREE_1B 1
#define ATOMIC_ALWAYS_LOCK_FREE_2B 1
#define ATOMIC_ALWAYS_LOCK_FREE_4B 1
#define ATOMIC_ALWAYS_LOCK_FREE_8B 1
#define HAVE_GLIBC_PTHREAD_SETNAME_NP 1
#define LINUX_DATAPATH 1

configure: exit 0
