This is pdfTeX, Version 3.1415926-2.4-1.40.13 (TeX Live 2012) (format=pdflatex 2012.6.30)  8 DEC 2013 20:32
entering extended mode
 restricted \write18 enabled.
 %&-line parsing enabled.
**paper
(./paper.tex
LaTeX2e <2011/06/27>
Babel <v3.8m> and hyphenation patterns for english, dumylang, nohyphenation, ge
rman-x-2012-05-30, ngerman-x-2012-05-30, afrikaans, ancientgreek, ibycus, arabi
c, armenian, basque, bulgarian, catalan, pinyin, coptic, croatian, czech, danis
h, dutch, ukenglish, usenglishmax, esperanto, estonian, ethiopic, farsi, finnis
h, french, friulan, galician, german, ngerman, swissgerman, monogreek, greek, h
ungarian, icelandic, assamese, bengali, gujarati, hindi, kannada, malayalam, ma
rathi, oriya, panjabi, tamil, telugu, indonesian, interlingua, irish, italian, 
kurmanji, latin, latvian, lithuanian, mongolian, mongolianlmc, bokmal, nynorsk,
 polish, portuguese, romanian, romansh, russian, sanskrit, serbian, serbianc, s
lovak, slovenian, spanish, swedish, turkish, turkmen, ukrainian, uppersorbian, 
welsh, loaded.
(/usr/local/texlive/2012/texmf-dist/tex/latex/base/article.cls
Document Class: article 2007/10/19 v1.4h Standard LaTeX document class
(/usr/local/texlive/2012/texmf-dist/tex/latex/base/size10.clo
File: size10.clo 2007/10/19 v1.4h Standard LaTeX file (size option)
)
\c@part=\count79
\c@section=\count80
\c@subsection=\count81
\c@subsubsection=\count82
\c@paragraph=\count83
\c@subparagraph=\count84
\c@figure=\count85
\c@table=\count86
\abovecaptionskip=\skip41
\belowcaptionskip=\skip42
\bibindent=\dimen102
)
(/usr/local/texlive/2012/texmf-dist/tex/latex/graphics/epsfig.sty
Package: epsfig 1999/02/16 v1.7a (e)psfig emulation (SPQR)

(/usr/local/texlive/2012/texmf-dist/tex/latex/graphics/graphicx.sty
Package: graphicx 1999/02/16 v1.0f Enhanced LaTeX Graphics (DPC,SPQR)

(/usr/local/texlive/2012/texmf-dist/tex/latex/graphics/keyval.sty
Package: keyval 1999/03/16 v1.13 key=value parser (DPC)
\KV@toks@=\toks14
)
(/usr/local/texlive/2012/texmf-dist/tex/latex/graphics/graphics.sty
Package: graphics 2009/02/05 v1.0o Standard LaTeX Graphics (DPC,SPQR)

(/usr/local/texlive/2012/texmf-dist/tex/latex/graphics/trig.sty
Package: trig 1999/03/16 v1.09 sin cos tan (DPC)
)
(/usr/local/texlive/2012/texmf-dist/tex/latex/latexconfig/graphics.cfg
File: graphics.cfg 2010/04/23 v1.9 graphics configuration of TeX Live
)
Package graphics Info: Driver file: pdftex.def on input line 91.

(/usr/local/texlive/2012/texmf-dist/tex/latex/pdftex-def/pdftex.def
File: pdftex.def 2011/05/27 v0.06d Graphics/color for pdfTeX

(/usr/local/texlive/2012/texmf-dist/tex/generic/oberdiek/infwarerr.sty
Package: infwarerr 2010/04/08 v1.3 Providing info/warning/error messages (HO)
)
(/usr/local/texlive/2012/texmf-dist/tex/generic/oberdiek/ltxcmds.sty
Package: ltxcmds 2011/11/09 v1.22 LaTeX kernel commands for general use (HO)
)
\Gread@gobject=\count87
))
\Gin@req@height=\dimen103
\Gin@req@width=\dimen104
)
\epsfxsize=\dimen105
\epsfysize=\dimen106
)
(/usr/local/texlive/2012/texmf-dist/tex/latex/tools/xspace.sty
Package: xspace 2009/10/20 v1.13 Space after command names (DPC,MH)
)
(/usr/local/texlive/2012/texmf-dist/tex/latex/url/url.sty
\Urlmuskip=\muskip10
Package: url 2006/04/12  ver 3.3  Verb mode for urls, etc.
)
(/usr/local/texlive/2012/texmf-dist/tex/latex/preprint/authblk.sty
Package: authblk 2009/11/18 1.3 (PWD)
\affilsep=\skip43
\@affilsep=\skip44
\c@Maxaffil=\count88
\c@authors=\count89
\c@affil=\count90
)
(./paper.aux)
\openout1 = `paper.aux'.

LaTeX Font Info:    Checking defaults for OML/cmm/m/it on input line 11.
LaTeX Font Info:    ... okay on input line 11.
LaTeX Font Info:    Checking defaults for T1/cmr/m/n on input line 11.
LaTeX Font Info:    ... okay on input line 11.
LaTeX Font Info:    Checking defaults for OT1/cmr/m/n on input line 11.
LaTeX Font Info:    ... okay on input line 11.
LaTeX Font Info:    Checking defaults for OMS/cmsy/m/n on input line 11.
LaTeX Font Info:    ... okay on input line 11.
LaTeX Font Info:    Checking defaults for OMX/cmex/m/n on input line 11.
LaTeX Font Info:    ... okay on input line 11.
LaTeX Font Info:    Checking defaults for U/cmr/m/n on input line 11.
LaTeX Font Info:    ... okay on input line 11.

(/usr/local/texlive/2012/texmf-dist/tex/context/base/supp-pdf.mkii
[Loading MPS to PDF converter (version 2006.09.02).]
\scratchcounter=\count91
\scratchdimen=\dimen107
\scratchbox=\box26
\nofMPsegments=\count92
\nofMParguments=\count93
\everyMPshowfont=\toks15
\MPscratchCnt=\count94
\MPscratchDim=\dimen108
\MPnumerator=\count95
\makeMPintoPDFobject=\count96
\everyMPtoPDFconversion=\toks16
) (/usr/local/texlive/2012/texmf-dist/tex/generic/oberdiek/pdftexcmds.sty
Package: pdftexcmds 2011/11/29 v0.20 Utility functions of pdfTeX for LuaTeX (HO
)

(/usr/local/texlive/2012/texmf-dist/tex/generic/oberdiek/ifluatex.sty
Package: ifluatex 2010/03/01 v1.3 Provides the ifluatex switch (HO)
Package ifluatex Info: LuaTeX not detected.
)
(/usr/local/texlive/2012/texmf-dist/tex/generic/oberdiek/ifpdf.sty
Package: ifpdf 2011/01/30 v2.3 Provides the ifpdf switch (HO)
Package ifpdf Info: pdfTeX in PDF mode is detected.
)
Package pdftexcmds Info: LuaTeX not detected.
Package pdftexcmds Info: \pdf@primitive is available.
Package pdftexcmds Info: \pdf@ifprimitive is available.
Package pdftexcmds Info: \pdfdraftmode found.
)
(/usr/local/texlive/2012/texmf-dist/tex/latex/oberdiek/epstopdf-base.sty
Package: epstopdf-base 2010/02/09 v2.5 Base part for package epstopdf

(/usr/local/texlive/2012/texmf-dist/tex/latex/oberdiek/grfext.sty
Package: grfext 2010/08/19 v1.1 Manage graphics extensions (HO)

(/usr/local/texlive/2012/texmf-dist/tex/generic/oberdiek/kvdefinekeys.sty
Package: kvdefinekeys 2011/04/07 v1.3 Define keys (HO)
))
(/usr/local/texlive/2012/texmf-dist/tex/latex/oberdiek/kvoptions.sty
Package: kvoptions 2011/06/30 v3.11 Key value format for package options (HO)

(/usr/local/texlive/2012/texmf-dist/tex/generic/oberdiek/kvsetkeys.sty
Package: kvsetkeys 2012/04/25 v1.16 Key value parser (HO)

(/usr/local/texlive/2012/texmf-dist/tex/generic/oberdiek/etexcmds.sty
Package: etexcmds 2011/02/16 v1.5 Avoid name clashes with e-TeX commands (HO)
Package etexcmds Info: Could not find \expanded.
(etexcmds)             That can mean that you are not using pdfTeX 1.50 or
(etexcmds)             that some package has redefined \expanded.
(etexcmds)             In the latter case, load this package earlier.
)))
Package grfext Info: Graphics extension search list:
(grfext)             [.png,.pdf,.jpg,.mps,.jpeg,.jbig2,.jb2,.PNG,.PDF,.JPG,.JPE
G,.JBIG2,.JB2,.eps]
(grfext)             \AppendGraphicsExtensions on input line 452.

(/usr/local/texlive/2012/texmf-dist/tex/latex/latexconfig/epstopdf-sys.cfg
File: epstopdf-sys.cfg 2010/07/13 v1.3 Configuration of (r)epstopdf for TeX Liv
e
))
LaTeX Font Info:    External font `cmex10' loaded for size
(Font)              <17.28> on input line 13.
LaTeX Font Info:    External font `cmex10' loaded for size
(Font)              <12> on input line 13.
LaTeX Font Info:    External font `cmex10' loaded for size
(Font)              <8> on input line 13.
LaTeX Font Info:    External font `cmex10' loaded for size
(Font)              <6> on input line 13.
LaTeX Font Info:    External font `cmex10' loaded for size
(Font)              <5> on input line 13.

(./abstract.tex) (./keyword.tex) (./intro.tex
Underfull \hbox (badness 10000) in paragraph at lines 3--11

 []


Underfull \hbox (badness 10000) in paragraph at lines 12--24

 []


Underfull \hbox (badness 1173) in paragraph at lines 25--36
[]\OT1/cmr/m/n/10 There are ap-proaches that try to re-duce the
 []


Underfull \hbox (badness 3884) in paragraph at lines 25--36
\OT1/cmr/m/n/10 about the ge-o-graph-i-cal dis-tri-bu-tion of cel-lu-lar
 []


Underfull \hbox (badness 1163) in paragraph at lines 25--36
\OT1/cmr/m/n/10 the ge-o-graph-i-cal dis-tri-bu-tion of IP ad-dresses of
 []


Underfull \hbox (badness 1122) in paragraph at lines 25--36
\OT1/cmr/m/n/10 mo-bile de-vices aids the CDN servers place-ment
 []


Underfull \hbox (badness 10000) in paragraph at lines 25--36

 []

[1{/usr/local/texlive/2012/texmf-var/fonts/map/pdftex/updmap/pdftex.map}


]
Underfull \hbox (badness 10000) in paragraph at lines 37--46

 []


Underfull \hbox (badness 1337) in paragraph at lines 47--50
\OT1/cmr/m/n/10 sec-tion 2 pro-vides a back-ground in-for-ma-tion of
 []


Underfull \hbox (badness 1394) in paragraph at lines 47--50
\OT1/cmr/m/n/10 4G/LTE-EPC net-works, sec-tion 3 de-scribes our
 []


Underfull \hbox (badness 10000) in paragraph at lines 47--50

 []

) (./back.tex
Package epstopdf Info: Source file: <./figure/mobi_basic.eps>
(epstopdf)                    date: 2013-12-06 22:36:40
(epstopdf)                    size: 1419687 bytes
(epstopdf)             Output file: <./figure/mobi_basic-eps-converted-to.pdf>
(epstopdf)                    date: 2013-12-06 22:39:03
(epstopdf)                    size: 250411 bytes
(epstopdf)             Command: <repstopdf --outfile=./figure/mobi_basic-eps-co
nverted-to.pdf ./figure/mobi_basic.eps>
(epstopdf)             \includegraphics on input line 6.
Package epstopdf Info: Output file is already uptodate.

<./figure/mobi_basic-eps-converted-to.pdf, id=13, 691.58376pt x 347.2975pt>
File: ./figure/mobi_basic-eps-converted-to.pdf Graphic file (type pdf)

<use ./figure/mobi_basic-eps-converted-to.pdf>
Package pdftex.def Info: ./figure/mobi_basic-eps-converted-to.pdf used on input
 line 6.
(pdftex.def)             Requested size: 227.62184pt x 99.58493pt.
Missing character: There is no â in font cmr10!
Missing character: There is no € in font cmr10!
Missing character: There is no ™ in font cmr10!
Package epstopdf Info: Source file: <./figure/Protocol_Stack.eps>
(epstopdf)                    date: 2013-12-06 22:38:03
(epstopdf)                    size: 520897 bytes
(epstopdf)             Output file: <./figure/Protocol_Stack-eps-converted-to.p
df>
(epstopdf)                    date: 2013-12-06 22:39:10
(epstopdf)                    size: 97505 bytes
(epstopdf)             Command: <repstopdf --outfile=./figure/Protocol_Stack-ep
s-converted-to.pdf ./figure/Protocol_Stack.eps>
(epstopdf)             \includegraphics on input line 22.
Package epstopdf Info: Output file is already uptodate.

<./figure/Protocol_Stack-eps-converted-to.pdf, id=14, 777.90625pt x 208.78pt>
File: ./figure/Protocol_Stack-eps-converted-to.pdf Graphic file (type pdf)

<use ./figure/Protocol_Stack-eps-converted-to.pdf>
Package pdftex.def Info: ./figure/Protocol_Stack-eps-converted-to.pdf used on i
nput line 22.
(pdftex.def)             Requested size: 227.61678pt x 99.58566pt.
)
Underfull \vbox (badness 2635) has occurred while \output is active []

 [2 <./figure/mobi_basic-eps-converted-to.pdf>] (./approach.tex
Package epstopdf Info: Source file: <./figure/architecture_mobi.eps>
(epstopdf)                    date: 2013-12-06 22:36:39
(epstopdf)                    size: 3189396 bytes
(epstopdf)             Output file: <./figure/architecture_mobi-eps-converted-t
o.pdf>
(epstopdf)                    date: 2013-12-06 22:39:13
(epstopdf)                    size: 624267 bytes
(epstopdf)             Command: <repstopdf --outfile=./figure/architecture_mobi
-eps-converted-to.pdf ./figure/architecture_mobi.eps>
(epstopdf)             \includegraphics on input line 21.
Package epstopdf Info: Output file is already uptodate.

<./figure/architecture_mobi-eps-converted-to.pdf, id=52, 953.5625pt x 528.97626
pt>
File: ./figure/architecture_mobi-eps-converted-to.pdf Graphic file (type pdf)
 <use ./figure/architecture_mobi-eps-converted-to.pdf>
Package pdftex.def Info: ./figure/architecture_mobi-eps-converted-to.pdf used o
n input line 21.
(pdftex.def)             Requested size: 228.85968pt x 126.9569pt.
 [3 <./figure/Protocol_Stack-eps-converted-to.pdf> <./figure/architecture_mobi-
eps-converted-to.pdf>]
Underfull \hbox (badness 10000) in paragraph at lines 53--60

 []


Underfull \hbox (badness 10000) in paragraph at lines 61--67

 []


Underfull \hbox (badness 10000) in paragraph at lines 70--80

 []


Underfull \hbox (badness 1454) in paragraph at lines 81--98
\OT1/cmr/m/n/10 ad-dress with the of-fload-ing server's IP. At the
 []


Underfull \hbox (badness 10000) in paragraph at lines 81--98

 []

[4]) (./impl.tex
Package epstopdf Info: Source file: <./figure/testbed.eps>
(epstopdf)                    date: 2013-12-06 22:36:56
(epstopdf)                    size: 369106 bytes
(epstopdf)             Output file: <./figure/testbed-eps-converted-to.pdf>
(epstopdf)                    date: 2013-12-06 22:39:16
(epstopdf)                    size: 129516 bytes
(epstopdf)             Command: <repstopdf --outfile=./figure/testbed-eps-conve
rted-to.pdf ./figure/testbed.eps>
(epstopdf)             \includegraphics on input line 7.
Package epstopdf Info: Output file is already uptodate.

<./figure/testbed-eps-converted-to.pdf, id=144, 616.3025pt x 314.17375pt>
File: ./figure/testbed-eps-converted-to.pdf Graphic file (type pdf)

<use ./figure/testbed-eps-converted-to.pdf>
Package pdftex.def Info: ./figure/testbed-eps-converted-to.pdf used on input li
ne 7.
(pdftex.def)             Requested size: 227.62204pt x 116.03152pt.

Underfull \hbox (badness 10000) in paragraph at lines 18--19
\OT1/cmr/m/n/10 To im-ple-ment pro-to-type, we used Open
 []


Underfull \hbox (badness 5091) in paragraph at lines 18--19
\OT1/cmr/m/n/10 vSwitch(OVS) ver-sion 2.0 and Ryu con-troller
 []

Missing character: There is no â in font cmr10!
Missing character: There is no € in font cmr10!
Missing character: There is no ™ in font cmr10!
) (./result.tex [5 <./figure/testbed-eps-converted-to.pdf>]
<./figure/game-server-rtt.png, id=167, 2007.5pt x 2007.5pt>
File: ./figure/game-server-rtt.png Graphic file (type png)

<use ./figure/game-server-rtt.png>
Package pdftex.def Info: ./figure/game-server-rtt.png used on input line 14.
(pdftex.def)             Requested size: 220.82568pt x 220.82568pt.

<./figure/streaming-server-rtt.png, id=169, 2007.5pt x 2007.5pt>
File: ./figure/streaming-server-rtt.png Graphic file (type png)

<use ./figure/streaming-server-rtt.png>
Package pdftex.def Info: ./figure/streaming-server-rtt.png used on input line 2
8.
(pdftex.def)             Requested size: 220.82568pt x 220.82568pt.
) (./related.tex
Underfull \hbox (badness 1565) in paragraph at lines 3--4
\OT1/cmr/m/n/10 Of-fload (SITOP) have been pro-posed in 3GPP
 []


Underfull \hbox (badness 10000) in paragraph at lines 3--4

 []


Underfull \hbox (badness 10000) in paragraph at lines 5--6

 []

[6 <./figure/game-server-rtt.png> <./figure/streaming-server-rtt.png>])
(./conclusion.tex) (./paper.bbl
LaTeX Font Info:    External font `cmex10' loaded for size
(Font)              <9> on input line 6.
) [7] (./paper.aux) ) 
Here is how much of TeX's memory you used:
 1801 strings out of 493488
 26155 string characters out of 3141326
 85587 words of memory out of 3000000
 5048 multiletter control sequences out of 15000+200000
 10581 words of font info for 37 fonts, out of 3000000 for 9000
 957 hyphenation exceptions out of 8191
 37i,6n,23p,1227b,331s stack positions out of 5000i,500n,10000p,200000b,50000s
</usr/local/texlive/2012/texmf-dist/fonts/type1/public/ams
fonts/cm/cmbx10.pfb></usr/local/texlive/2012/texmf-dist/fonts/type1/public/amsf
onts/cm/cmbx12.pfb></usr/local/texlive/2012/texmf-dist/fonts/type1/public/amsfo
nts/cm/cmcsc10.pfb></usr/local/texlive/2012/texmf-dist/fonts/type1/public/amsfo
nts/cm/cmr10.pfb></usr/local/texlive/2012/texmf-dist/fonts/type1/public/amsfont
s/cm/cmr12.pfb></usr/local/texlive/2012/texmf-dist/fonts/type1/public/amsfonts/
cm/cmr17.pfb></usr/local/texlive/2012/texmf-dist/fonts/type1/public/amsfonts/cm
/cmr8.pfb></usr/local/texlive/2012/texmf-dist/fonts/type1/public/amsfonts/cm/cm
r9.pfb></usr/local/texlive/2012/texmf-dist/fonts/type1/public/amsfonts/cm/cmsy1
0.pfb></usr/local/texlive/2012/texmf-dist/fonts/type1/public/amsfonts/cm/cmsy6.
pfb></usr/local/texlive/2012/texmf-dist/fonts/type1/public/amsfonts/cm/cmti10.p
fb></usr/local/texlive/2012/texmf-dist/fonts/type1/public/amsfonts/cm/cmti9.pfb
></usr/local/texlive/2012/texmf-dist/fonts/type1/public/amsfonts/cm/cmtt9.pfb>
Output written on paper.pdf (7 pages, 1546337 bytes).
PDF statistics:
 225 PDF objects out of 1000 (max. 8388607)
 94 compressed objects within 1 object stream
 0 named destinations out of 1000 (max. 500000)
 31 words of extra memory for PDF output out of 10000 (max. 10000000)

