POX 0.1.0 (betta) / Copyright 2011-2013 James McCauley, et al.
INFO:core:POX 0.1.0 (betta) is up.
INFO:openflow.of_01:[00-00-00-00-00-04 1] connected
INFO:openflow.of_01:[00-00-00-00-00-04 1] closed
INFO:openflow.of_01:[00-00-00-00-00-04 2] connected
INFO:packet:(dns) parsing questions: next_question: truncated
INFO:packet:(dns) parsing questions: next_question: truncated
INFO:packet:(dns) parsing questions: next_question: truncated
INFO:samples.binh_controller:dns record found: target A IN->10.0.0.3

INFO:samples.binh_controller:Flow pushed srcip,vIP,rIP,in_port,out_port = 10.0.0.1, 10.34.49.41, 10.0.0.3,1,3

INFO:samples.binh_controller:no dns found

INFO:packet:(dns) parsing questions: next_question: truncated
INFO:packet:(dns) parsing questions: next_question: truncated
INFO:packet:(dns) parsing questions: next_question: truncated
INFO:samples.binh_controller:no dns found

INFO:packet:(dns) parsing questions: next_question: truncated
INFO:packet:(dns) parsing questions: next_question: truncated
INFO:packet:(dns) parsing questions: next_question: truncated
INFO:samples.binh_controller:no dns found

INFO:packet:(dns) parsing questions: next_question: truncated
INFO:packet:(dns) parsing questions: next_question: truncated
INFO:packet:(dns) parsing questions: next_question: truncated
INFO:samples.binh_controller:no dns found

INFO:samples.binh_controller:no dns found

INFO:samples.binh_controller:no dns found

INFO:samples.binh_controller:no dns found

INFO:samples.binh_controller:no dns found

INFO:samples.binh_controller:no dns found

INFO:samples.binh_controller:no dns found

INFO:samples.binh_controller:no dns found

INFO:samples.binh_controller:no dns found

INFO:samples.binh_controller:no dns found

INFO:samples.binh_controller:no dns found

INFO:samples.binh_controller:no dns found

INFO:samples.binh_controller:no dns found

INFO:samples.binh_controller:no dns found

INFO:samples.binh_controller:no dns found

INFO:samples.binh_controller:no dns found

INFO:samples.binh_controller:no dns found

INFO:packet:(dns) parsing questions: next_question: truncated
INFO:packet:(dns) parsing questions: next_question: truncated
INFO:packet:(dns) parsing questions: next_question: truncated
INFO:samples.binh_controller:no dns found

INFO:packet:(dns) parsing questions: next_question: truncated
INFO:packet:(dns) parsing questions: next_question: truncated
INFO:packet:(dns) parsing questions: next_question: truncated
INFO:samples.binh_controller:no dns found

INFO:packet:(dns) parsing questions: next_question: truncated
INFO:packet:(dns) parsing questions: next_question: truncated
INFO:packet:(dns) parsing questions: next_question: truncated
INFO:samples.binh_controller:dns record found: target A IN->10.0.0.3

INFO:samples.binh_controller:Flow pushed srcip,vIP,rIP,in_port,out_port = 10.0.0.2, 10.186.149.177, 10.0.0.3,2,3

INFO:samples.binh_controller:no dns found

INFO:packet:(dns) parsing questions: next_question: truncated
INFO:packet:(dns) parsing questions: next_question: truncated
INFO:packet:(dns) parsing questions: next_question: truncated
INFO:samples.binh_controller:no dns found

INFO:samples.binh_controller:no dns found

INFO:packet:(dns) parsing questions: next_question: truncated
INFO:samples.binh_controller:no dns found

INFO:samples.binh_controller:no dns found

INFO:packet:(dns) parsing questions: next_question: truncated
INFO:samples.binh_controller:no dns found

INFO:samples.binh_controller:no dns found

INFO:samples.binh_controller:no dns found

INFO:samples.binh_controller:no dns found

INFO:packet:(dns) parsing questions: next_question: truncated
INFO:packet:(dns) parsing questions: next_question: truncated
INFO:samples.binh_controller:no dns found

INFO:samples.binh_controller:no dns found

INFO:packet:(dns) parsing questions: next_question: truncated
INFO:packet:(dns) parsing questions: next_question: truncated
INFO:samples.binh_controller:no dns found

INFO:samples.binh_controller:no dns found

INFO:samples.binh_controller:no dns found

INFO:samples.binh_controller:no dns found

INFO:samples.binh_controller:no dns found

INFO:samples.binh_controller:no dns found

INFO:samples.binh_controller:no dns found

INFO:openflow.of_01:[00-00-00-00-00-04 2] closed
