LOG:  database system was shut down at 2013-10-29 15:47:36 MDT
LOG:  database system is ready to accept connections
LOG:  autovacuum launcher started
LOG:  received fast shutdown request
LOG:  aborting any active transactions
FATAL:  terminating connection due to administrator command
FATAL:  terminating connection due to administrator command
FATAL:  terminating connection due to administrator command
FATAL:  terminating connection due to administrator command
FATAL:  terminating connection due to administrator command
LOG:  autovacuum launcher shutting down
FATAL:  terminating connection due to administrator command
FATAL:  terminating connection due to administrator command
FATAL:  terminating connection due to administrator command
FATAL:  terminating connection due to administrator command
FATAL:  terminating connection due to administrator command
FATAL:  terminating connection due to administrator command
FATAL:  terminating connection due to administrator command
FATAL:  terminating connection due to administrator command
LOG:  shutting down
LOG:  database system is shut down
LOG:  database system was shut down at 2013-10-29 15:48:35 MDT
LOG:  database system is ready to accept connections
LOG:  autovacuum launcher started
ERROR:  database "eucalyptus_cloud" already exists
STATEMENT:  CREATE DATABASE eucalyptus_cloud OWNER eucalyptus
ERROR:  database "eucalyptus_autoscaling" already exists
STATEMENT:  CREATE DATABASE eucalyptus_autoscaling OWNER eucalyptus
ERROR:  database "eucalyptus_storage" already exists
STATEMENT:  CREATE DATABASE eucalyptus_storage OWNER eucalyptus
ERROR:  database "eucalyptus_records" already exists
STATEMENT:  CREATE DATABASE eucalyptus_records OWNER eucalyptus
ERROR:  database "eucalyptus_cloudwatch" already exists
STATEMENT:  CREATE DATABASE eucalyptus_cloudwatch OWNER eucalyptus
ERROR:  database "eucalyptus_general" already exists
STATEMENT:  CREATE DATABASE eucalyptus_general OWNER eucalyptus
ERROR:  database "eucalyptus_auth" already exists
STATEMENT:  CREATE DATABASE eucalyptus_auth OWNER eucalyptus
ERROR:  database "eucalyptus_config" already exists
STATEMENT:  CREATE DATABASE eucalyptus_config OWNER eucalyptus
ERROR:  database "eucalyptus_loadbalancing" already exists
STATEMENT:  CREATE DATABASE eucalyptus_loadbalancing OWNER eucalyptus
ERROR:  database "eucalyptus_walrus" already exists
STATEMENT:  CREATE DATABASE eucalyptus_walrus OWNER eucalyptus
ERROR:  database "eucalyptus_dns" already exists
STATEMENT:  CREATE DATABASE eucalyptus_dns OWNER eucalyptus
ERROR:  database "eucalyptus_faults" already exists
STATEMENT:  CREATE DATABASE eucalyptus_faults OWNER eucalyptus
ERROR:  database "eucalyptus_reporting" already exists
STATEMENT:  CREATE DATABASE eucalyptus_reporting OWNER eucalyptus
